<?xml version="1.0" encoding="utf-8"?>
<CoverageSession xmlns:xsi="http://www.w3.org/2001/XMLSchema-instance" xmlns:xsd="http://www.w3.org/2001/XMLSchema">
  <Summary numSequencePoints="1629" visitedSequencePoints="269" numBranchPoints="493" visitedBranchPoints="59" sequenceCoverage="16.51" branchCoverage="11.97" maxCyclomaticComplexity="6" minCyclomaticComplexity="1" />
  <Modules>
    <Module skippedDueTo="Filter" hash="D7-43-5C-9D-21-BF-33-1D-B2-C0-0E-93-80-C0-49-D1-DF-05-55-08">
      <FullName>C:\Windows\Microsoft.Net\assembly\GAC_32\mscorlib\v4.0_4.0.0.0__b77a5c561934e089\mscorlib.dll</FullName>
      <ModuleName>mscorlib</ModuleName>
      <Classes />
    </Module>
    <Module skippedDueTo="MissingPdb" hash="69-FA-36-8C-34-2E-86-DF-D0-A9-F9-D5-D6-F7-AE-FC-7C-96-72-40">
      <FullName>C:\Program Files\Microsoft Visual Studio 10.0\Common7\IDE\MSTest.exe</FullName>
      <ModuleName>MSTest</ModuleName>
      <Classes />
    </Module>
    <Module skippedDueTo="MissingPdb" hash="7F-A5-AE-CF-ED-6F-7D-0D-8F-C6-45-30-15-FC-87-10-34-FB-4A-FA">
      <FullName>C:\Windows\assembly\GAC_MSIL\Microsoft.VisualStudio.QualityTools.Common\10.0.0.0__b03f5f7f11d50a3a\Microsoft.VisualStudio.QualityTools.Common.dll</FullName>
      <ModuleName>Microsoft.VisualStudio.QualityTools.Common</ModuleName>
      <Classes />
    </Module>
    <Module skippedDueTo="Filter" hash="1B-30-81-91-69-2E-50-BD-B9-CC-A1-5B-46-3A-D5-62-E3-7E-58-C4">
      <FullName>C:\Windows\Microsoft.Net\assembly\GAC_MSIL\System\v4.0_4.0.0.0__b77a5c561934e089\System.dll</FullName>
      <ModuleName>System</ModuleName>
      <Classes />
    </Module>
    <Module skippedDueTo="MissingPdb" hash="A5-90-5C-39-94-8B-E5-95-8A-19-B9-3A-6A-A0-18-C5-2A-66-55-FA">
      <FullName>C:\Windows\assembly\GAC_MSIL\Microsoft.VisualStudio.QualityTools.ExecutionCommon\10.0.0.0__b03f5f7f11d50a3a\Microsoft.VisualStudio.QualityTools.ExecutionCommon.dll</FullName>
      <ModuleName>Microsoft.VisualStudio.QualityTools.ExecutionCommon</ModuleName>
      <Classes />
    </Module>
    <Module skippedDueTo="MissingPdb" hash="60-82-A2-88-3C-08-B0-01-02-54-77-46-C8-76-C9-DD-28-CE-58-0F">
      <FullName>C:\Windows\assembly\GAC_MSIL\Microsoft.VisualStudio.QualityTools.Resource\10.0.0.0__b03f5f7f11d50a3a\Microsoft.VisualStudio.QualityTools.Resource.dll</FullName>
      <ModuleName>Microsoft.VisualStudio.QualityTools.Resource</ModuleName>
      <Classes />
    </Module>
    <Module skippedDueTo="Filter" hash="6A-CB-9C-23-A1-28-3F-24-11-C3-EA-99-78-1C-2D-0A-DE-D5-1F-6E">
      <FullName>C:\Windows\Microsoft.Net\assembly\GAC_MSIL\System.Configuration\v4.0_4.0.0.0__b03f5f7f11d50a3a\System.Configuration.dll</FullName>
      <ModuleName>System.Configuration</ModuleName>
      <Classes />
    </Module>
    <Module skippedDueTo="Filter" hash="1F-14-6C-92-91-EA-87-77-F2-51-33-42-61-B8-05-25-BA-D7-8B-97">
      <FullName>C:\Windows\Microsoft.Net\assembly\GAC_MSIL\System.Xml\v4.0_4.0.0.0__b77a5c561934e089\System.Xml.dll</FullName>
      <ModuleName>System.Xml</ModuleName>
      <Classes />
    </Module>
    <Module skippedDueTo="MissingPdb" hash="BF-25-2F-2D-9C-93-63-C7-10-D2-E5-E7-8A-58-EB-22-5B-0C-F5-0F">
      <FullName>C:\Windows\Microsoft.Net\assembly\GAC_MSIL\Microsoft.VisualStudio.QualityTools.CommandLine\v4.0_10.0.0.0__b03f5f7f11d50a3a\Microsoft.VisualStudio.QualityTools.CommandLine.dll</FullName>
      <ModuleName>Microsoft.VisualStudio.QualityTools.CommandLine</ModuleName>
      <Classes />
    </Module>
    <Module skippedDueTo="MissingPdb" hash="9A-CB-E7-4C-5E-E0-2F-9C-80-50-EA-6E-B0-55-DF-B1-F4-E2-B2-67">
      <FullName>C:\Windows\assembly\GAC_MSIL\Microsoft.VisualStudio.QualityTools.TMI\10.0.0.0__b03f5f7f11d50a3a\Microsoft.VisualStudio.QualityTools.TMI.dll</FullName>
      <ModuleName>Microsoft.VisualStudio.QualityTools.TMI</ModuleName>
      <Classes />
    </Module>
    <Module skippedDueTo="Filter" hash="CF-D1-99-94-30-99-7C-DB-74-0A-E0-06-CF-FD-73-24-C9-A9-C2-6D">
      <FullName>C:\Windows\Microsoft.Net\assembly\GAC_MSIL\System.resources\v4.0_4.0.0.0_es_b77a5c561934e089\System.resources.dll</FullName>
      <ModuleName>System.resources</ModuleName>
      <Classes />
    </Module>
    <Module skippedDueTo="Filter" hash="81-BC-DD-72-CF-CF-F9-EF-C9-5F-BD-B5-9C-2A-C7-56-DE-B4-E8-CC">
      <FullName>C:\Windows\Microsoft.Net\assembly\GAC_32\System.Data\v4.0_4.0.0.0__b77a5c561934e089\System.Data.dll</FullName>
      <ModuleName>System.Data</ModuleName>
      <Classes />
    </Module>
    <Module skippedDueTo="Filter" hash="6C-D3-89-1E-68-D0-2B-E1-55-5E-9D-EF-34-D3-92-2F-4B-A3-84-31">
      <FullName>C:\Windows\Microsoft.Net\assembly\GAC_MSIL\System.Numerics\v4.0_4.0.0.0__b77a5c561934e089\System.Numerics.dll</FullName>
      <ModuleName>System.Numerics</ModuleName>
      <Classes />
    </Module>
    <Module skippedDueTo="Filter" hash="B2-91-68-9D-F2-E7-D6-A2-9B-A4-46-42-0A-EF-65-E5-6E-CC-62-4F">
      <FullName>C:\Windows\Microsoft.Net\assembly\GAC_32\System.Web\v4.0_4.0.0.0__b03f5f7f11d50a3a\System.Web.dll</FullName>
      <ModuleName>System.Web</ModuleName>
      <Classes />
    </Module>
    <Module skippedDueTo="Filter" hash="71-BF-00-07-68-F0-67-0D-7B-DB-71-9B-DC-C8-1B-72-6F-60-C2-5A">
      <FullName>C:\Windows\Microsoft.Net\assembly\GAC_MSIL\System.Core\v4.0_4.0.0.0__b77a5c561934e089\System.Core.dll</FullName>
      <ModuleName>System.Core</ModuleName>
      <Classes />
    </Module>
    <Module skippedDueTo="MissingPdb" hash="70-0C-80-41-7B-A9-6E-D6-6D-57-D4-7E-90-9D-53-BE-EF-10-D1-31">
      <FullName>C:\Windows\Microsoft.Net\assembly\GAC_MSIL\Microsoft.VisualStudio.QualityTools.Tips.UnitTest.Tip\v4.0_10.0.0.0__b03f5f7f11d50a3a\Microsoft.VisualStudio.QualityTools.Tips.UnitTest.Tip.dll</FullName>
      <ModuleName>Microsoft.VisualStudio.QualityTools.Tips.UnitTest.Tip</ModuleName>
      <Classes />
    </Module>
    <Module skippedDueTo="MissingPdb" hash="AF-05-8D-43-E3-DA-AB-39-5E-1C-C1-7D-03-30-C2-CD-51-4C-F7-2E">
      <FullName>C:\Windows\Microsoft.Net\assembly\GAC_MSIL\Microsoft.VisualStudio.QualityTools.Tips.UnitTest.ObjectModel\v4.0_10.0.0.0__b03f5f7f11d50a3a\Microsoft.VisualStudio.QualityTools.Tips.UnitTest.ObjectModel.dll</FullName>
      <ModuleName>Microsoft.VisualStudio.QualityTools.Tips.UnitTest.ObjectModel</ModuleName>
      <Classes />
    </Module>
    <Module skippedDueTo="MissingPdb" hash="1A-8E-7F-63-79-81-73-62-C8-B6-77-39-F8-97-1B-CB-6B-2B-67-76">
      <FullName>C:\Windows\Microsoft.Net\assembly\GAC_MSIL\Microsoft.VisualStudio.QualityTools.UnitTestFramework\v4.0_10.0.0.0__b03f5f7f11d50a3a\Microsoft.VisualStudio.QualityTools.UnitTestFramework.dll</FullName>
      <ModuleName>Microsoft.VisualStudio.QualityTools.UnitTestFramework</ModuleName>
      <Classes />
    </Module>
    <Module skippedDueTo="MissingPdb" hash="80-83-D7-68-B9-05-69-D4-15-D7-0A-56-CE-97-EC-B1-74-25-80-E8">
      <FullName>C:\Program Files\Microsoft Visual Studio 10.0\Common7\IDE\PublicAssemblies\Microsoft.VisualStudio.QualityTools.CodedUITestFramework.dll</FullName>
      <ModuleName>Microsoft.VisualStudio.QualityTools.CodedUITestFramework</ModuleName>
      <Classes />
    </Module>
    <Module skippedDueTo="MissingPdb" hash="FA-A3-AD-A2-E7-72-E7-AD-68-51-0A-77-5C-A9-4E-CA-0B-C6-B4-80">
      <FullName>C:\Program Files\Microsoft Visual Studio 10.0\Common7\IDE\PrivateAssemblies\Microsoft.VisualStudio.QualityTools.Tips.WebLoadTest.Tip.dll</FullName>
      <ModuleName>Microsoft.VisualStudio.QualityTools.Tips.WebLoadTest.Tip</ModuleName>
      <Classes />
    </Module>
    <Module skippedDueTo="MissingPdb" hash="BD-91-25-5D-5B-40-91-44-C6-CC-30-E7-84-09-1F-EC-32-46-EF-F1">
      <FullName>C:\Windows\assembly\GAC_MSIL\Microsoft.VisualStudio.QualityTools.Tips.UnitTest.AssemblyResolver\10.0.0.0__b03f5f7f11d50a3a\Microsoft.VisualStudio.QualityTools.Tips.UnitTest.AssemblyResolver.dll</FullName>
      <ModuleName>Microsoft.VisualStudio.QualityTools.Tips.UnitTest.AssemblyResolver</ModuleName>
      <Classes />
    </Module>
    <Module hash="43-36-7C-24-9B-15-85-94-5C-96-92-6A-E5-94-90-D7-A2-AC-01-46">
      <Summary numSequencePoints="88" visitedSequencePoints="66" numBranchPoints="18" visitedBranchPoints="18" sequenceCoverage="75" branchCoverage="100" maxCyclomaticComplexity="1" minCyclomaticComplexity="1" />
      <FullName>C:\Users\N3AR\Desktop\magah\ModuloPresupuesto2\TestProject1\bin\Debug\TestProject1.dll</FullName>
      <ModuleName>TestProject1</ModuleName>
      <Files>
        <File uid="1" fullPath="c:\Users\N3AR\Desktop\magah\ModuloPresupuesto2\TestProject1\UnitTest2.cs" />
      </Files>
      <Classes>
        <Class>
          <Summary numSequencePoints="0" visitedSequencePoints="0" numBranchPoints="0" visitedBranchPoints="0" sequenceCoverage="0" branchCoverage="0" maxCyclomaticComplexity="0" minCyclomaticComplexity="0" />
          <FullName>&lt;Module&gt;</FullName>
          <Methods />
        </Class>
        <Class>
          <Summary numSequencePoints="88" visitedSequencePoints="66" numBranchPoints="18" visitedBranchPoints="18" sequenceCoverage="75" branchCoverage="100" maxCyclomaticComplexity="1" minCyclomaticComplexity="1" />
          <FullName>TestProject1.UnitTest2</FullName>
          <Methods>
            <Method visited="true" cyclomaticComplexity="1" sequenceCoverage="100" branchCoverage="100" isConstructor="false" isStatic="false" isGetter="false" isSetter="false">
              <Summary numSequencePoints="2" visitedSequencePoints="2" numBranchPoints="1" visitedBranchPoints="1" sequenceCoverage="100" branchCoverage="100" maxCyclomaticComplexity="1" minCyclomaticComplexity="1" />
              <MetadataToken>100663297</MetadataToken>
              <Name>System.Void TestProject1.UnitTest2::TestMethod1()</Name>
              <FileRef uid="1" />
              <SequencePoints>
                <SequencePoint vc="1" uspid="1" ordinal="0" offset="0" sl="18" sc="9" el="18" ec="10" />
                <SequencePoint vc="1" uspid="2" ordinal="1" offset="1" sl="20" sc="9" el="20" ec="10" />
              </SequencePoints>
              <BranchPoints />
              <MethodPoint xsi:type="SequencePoint" vc="1" uspid="1" ordinal="0" offset="0" sl="18" sc="9" el="18" ec="10" />
            </Method>
            <Method visited="true" cyclomaticComplexity="1" sequenceCoverage="75" branchCoverage="100" isConstructor="false" isStatic="false" isGetter="false" isSetter="false">
              <Summary numSequencePoints="4" visitedSequencePoints="3" numBranchPoints="1" visitedBranchPoints="1" sequenceCoverage="75" branchCoverage="100" maxCyclomaticComplexity="1" minCyclomaticComplexity="1" />
              <MetadataToken>100663298</MetadataToken>
              <Name>System.Void TestProject1.UnitTest2::listarLocalidades()</Name>
              <FileRef uid="1" />
              <SequencePoints>
                <SequencePoint vc="1" uspid="3" ordinal="0" offset="0" sl="25" sc="9" el="25" ec="10" />
                <SequencePoint vc="1" uspid="4" ordinal="1" offset="1" sl="26" sc="13" el="26" ec="61" />
                <SequencePoint vc="1" uspid="5" ordinal="2" offset="13" sl="27" sc="13" el="27" ec="37" />
                <SequencePoint vc="0" uspid="6" ordinal="3" offset="20" sl="28" sc="9" el="28" ec="10" />
              </SequencePoints>
              <BranchPoints />
              <MethodPoint xsi:type="SequencePoint" vc="1" uspid="3" ordinal="0" offset="0" sl="25" sc="9" el="25" ec="10" />
            </Method>
            <Method visited="true" cyclomaticComplexity="1" sequenceCoverage="75" branchCoverage="100" isConstructor="false" isStatic="false" isGetter="false" isSetter="false">
              <Summary numSequencePoints="4" visitedSequencePoints="3" numBranchPoints="1" visitedBranchPoints="1" sequenceCoverage="75" branchCoverage="100" maxCyclomaticComplexity="1" minCyclomaticComplexity="1" />
              <MetadataToken>100663299</MetadataToken>
              <Name>System.Void TestProject1.UnitTest2::listarAreas()</Name>
              <FileRef uid="1" />
              <SequencePoints>
                <SequencePoint vc="1" uspid="7" ordinal="0" offset="0" sl="32" sc="9" el="32" ec="10" />
                <SequencePoint vc="1" uspid="8" ordinal="1" offset="1" sl="33" sc="13" el="33" ec="50" />
                <SequencePoint vc="1" uspid="9" ordinal="2" offset="13" sl="34" sc="13" el="34" ec="37" />
                <SequencePoint vc="0" uspid="10" ordinal="3" offset="20" sl="35" sc="9" el="35" ec="10" />
              </SequencePoints>
              <BranchPoints />
              <MethodPoint xsi:type="SequencePoint" vc="1" uspid="7" ordinal="0" offset="0" sl="32" sc="9" el="32" ec="10" />
            </Method>
            <Method visited="true" cyclomaticComplexity="1" sequenceCoverage="75" branchCoverage="100" isConstructor="false" isStatic="false" isGetter="false" isSetter="false">
              <Summary numSequencePoints="4" visitedSequencePoints="3" numBranchPoints="1" visitedBranchPoints="1" sequenceCoverage="75" branchCoverage="100" maxCyclomaticComplexity="1" minCyclomaticComplexity="1" />
              <MetadataToken>100663300</MetadataToken>
              <Name>System.Void TestProject1.UnitTest2::listarSecciones()</Name>
              <FileRef uid="1" />
              <SequencePoints>
                <SequencePoint vc="1" uspid="11" ordinal="0" offset="0" sl="39" sc="9" el="39" ec="10" />
                <SequencePoint vc="1" uspid="12" ordinal="1" offset="1" sl="40" sc="13" el="40" ec="57" />
                <SequencePoint vc="1" uspid="13" ordinal="2" offset="13" sl="41" sc="13" el="41" ec="37" />
                <SequencePoint vc="0" uspid="14" ordinal="3" offset="20" sl="42" sc="9" el="42" ec="10" />
              </SequencePoints>
              <BranchPoints />
              <MethodPoint xsi:type="SequencePoint" vc="1" uspid="11" ordinal="0" offset="0" sl="39" sc="9" el="39" ec="10" />
            </Method>
            <Method visited="true" cyclomaticComplexity="1" sequenceCoverage="50" branchCoverage="100" isConstructor="false" isStatic="false" isGetter="false" isSetter="false">
              <Summary numSequencePoints="4" visitedSequencePoints="2" numBranchPoints="1" visitedBranchPoints="1" sequenceCoverage="50" branchCoverage="100" maxCyclomaticComplexity="1" minCyclomaticComplexity="1" />
              <MetadataToken>100663301</MetadataToken>
              <Name>System.Void TestProject1.UnitTest2::filtroDeAreasXLocalidades()</Name>
              <FileRef uid="1" />
              <SequencePoints>
                <SequencePoint vc="1" uspid="15" ordinal="0" offset="0" sl="47" sc="9" el="47" ec="10" />
                <SequencePoint vc="1" uspid="16" ordinal="1" offset="1" sl="48" sc="13" el="48" ec="62" />
                <SequencePoint vc="0" uspid="17" ordinal="2" offset="14" sl="49" sc="13" el="49" ec="37" />
                <SequencePoint vc="0" uspid="18" ordinal="3" offset="21" sl="50" sc="9" el="50" ec="10" />
              </SequencePoints>
              <BranchPoints />
              <MethodPoint xsi:type="SequencePoint" vc="1" uspid="15" ordinal="0" offset="0" sl="47" sc="9" el="47" ec="10" />
            </Method>
            <Method visited="true" cyclomaticComplexity="1" sequenceCoverage="50" branchCoverage="100" isConstructor="false" isStatic="false" isGetter="false" isSetter="false">
              <Summary numSequencePoints="4" visitedSequencePoints="2" numBranchPoints="1" visitedBranchPoints="1" sequenceCoverage="50" branchCoverage="100" maxCyclomaticComplexity="1" minCyclomaticComplexity="1" />
              <MetadataToken>100663302</MetadataToken>
              <Name>System.Void TestProject1.UnitTest2::filtroDeAreasXLocalidadesDevuelveNull()</Name>
              <FileRef uid="1" />
              <SequencePoints>
                <SequencePoint vc="1" uspid="19" ordinal="0" offset="0" sl="54" sc="9" el="54" ec="10" />
                <SequencePoint vc="1" uspid="20" ordinal="1" offset="1" sl="55" sc="13" el="55" ec="64" />
                <SequencePoint vc="0" uspid="21" ordinal="2" offset="15" sl="56" sc="13" el="56" ec="34" />
                <SequencePoint vc="0" uspid="22" ordinal="3" offset="22" sl="57" sc="9" el="57" ec="10" />
              </SequencePoints>
              <BranchPoints />
              <MethodPoint xsi:type="SequencePoint" vc="1" uspid="19" ordinal="0" offset="0" sl="54" sc="9" el="54" ec="10" />
            </Method>
            <Method visited="true" cyclomaticComplexity="1" sequenceCoverage="50" branchCoverage="100" isConstructor="false" isStatic="false" isGetter="false" isSetter="false">
              <Summary numSequencePoints="4" visitedSequencePoints="2" numBranchPoints="1" visitedBranchPoints="1" sequenceCoverage="50" branchCoverage="100" maxCyclomaticComplexity="1" minCyclomaticComplexity="1" />
              <MetadataToken>100663303</MetadataToken>
              <Name>System.Void TestProject1.UnitTest2::filtrarSeccionesXAreaLocalidad()</Name>
              <FileRef uid="1" />
              <SequencePoints>
                <SequencePoint vc="1" uspid="23" ordinal="0" offset="0" sl="62" sc="9" el="62" ec="10" />
                <SequencePoint vc="1" uspid="24" ordinal="1" offset="1" sl="63" sc="13" el="63" ec="76" />
                <SequencePoint vc="0" uspid="25" ordinal="2" offset="15" sl="64" sc="13" el="64" ec="37" />
                <SequencePoint vc="0" uspid="26" ordinal="3" offset="22" sl="65" sc="9" el="65" ec="10" />
              </SequencePoints>
              <BranchPoints />
              <MethodPoint xsi:type="SequencePoint" vc="1" uspid="23" ordinal="0" offset="0" sl="62" sc="9" el="62" ec="10" />
            </Method>
            <Method visited="true" cyclomaticComplexity="1" sequenceCoverage="75" branchCoverage="100" isConstructor="false" isStatic="false" isGetter="false" isSetter="false">
              <Summary numSequencePoints="4" visitedSequencePoints="3" numBranchPoints="1" visitedBranchPoints="1" sequenceCoverage="75" branchCoverage="100" maxCyclomaticComplexity="1" minCyclomaticComplexity="1" />
              <MetadataToken>100663304</MetadataToken>
              <Name>System.Void TestProject1.UnitTest2::listarInstituciones()</Name>
              <FileRef uid="1" />
              <SequencePoints>
                <SequencePoint vc="1" uspid="27" ordinal="0" offset="0" sl="69" sc="9" el="69" ec="10" />
                <SequencePoint vc="1" uspid="28" ordinal="1" offset="1" sl="70" sc="13" el="70" ec="65" />
                <SequencePoint vc="1" uspid="29" ordinal="2" offset="13" sl="71" sc="13" el="71" ec="37" />
                <SequencePoint vc="0" uspid="30" ordinal="3" offset="20" sl="72" sc="9" el="72" ec="10" />
              </SequencePoints>
              <BranchPoints />
              <MethodPoint xsi:type="SequencePoint" vc="1" uspid="27" ordinal="0" offset="0" sl="69" sc="9" el="69" ec="10" />
            </Method>
            <Method visited="true" cyclomaticComplexity="1" sequenceCoverage="75" branchCoverage="100" isConstructor="false" isStatic="false" isGetter="false" isSetter="false">
              <Summary numSequencePoints="4" visitedSequencePoints="3" numBranchPoints="1" visitedBranchPoints="1" sequenceCoverage="75" branchCoverage="100" maxCyclomaticComplexity="1" minCyclomaticComplexity="1" />
              <MetadataToken>100663305</MetadataToken>
              <Name>System.Void TestProject1.UnitTest2::listarCursos()</Name>
              <FileRef uid="1" />
              <SequencePoints>
                <SequencePoint vc="1" uspid="31" ordinal="0" offset="0" sl="76" sc="9" el="76" ec="10" />
                <SequencePoint vc="1" uspid="32" ordinal="1" offset="1" sl="77" sc="13" el="77" ec="51" />
                <SequencePoint vc="1" uspid="33" ordinal="2" offset="13" sl="78" sc="13" el="78" ec="37" />
                <SequencePoint vc="0" uspid="34" ordinal="3" offset="20" sl="79" sc="9" el="79" ec="10" />
              </SequencePoints>
              <BranchPoints />
              <MethodPoint xsi:type="SequencePoint" vc="1" uspid="31" ordinal="0" offset="0" sl="76" sc="9" el="76" ec="10" />
            </Method>
            <Method visited="true" cyclomaticComplexity="1" sequenceCoverage="75" branchCoverage="100" isConstructor="false" isStatic="false" isGetter="false" isSetter="false">
              <Summary numSequencePoints="4" visitedSequencePoints="3" numBranchPoints="1" visitedBranchPoints="1" sequenceCoverage="75" branchCoverage="100" maxCyclomaticComplexity="1" minCyclomaticComplexity="1" />
              <MetadataToken>100663306</MetadataToken>
              <Name>System.Void TestProject1.UnitTest2::ObtenerCurso()</Name>
              <FileRef uid="1" />
              <SequencePoints>
                <SequencePoint vc="1" uspid="35" ordinal="0" offset="0" sl="83" sc="9" el="83" ec="10" />
                <SequencePoint vc="1" uspid="36" ordinal="1" offset="1" sl="84" sc="13" el="84" ec="47" />
                <SequencePoint vc="1" uspid="37" ordinal="2" offset="14" sl="85" sc="13" el="85" ec="37" />
                <SequencePoint vc="0" uspid="38" ordinal="3" offset="21" sl="86" sc="9" el="86" ec="10" />
              </SequencePoints>
              <BranchPoints />
              <MethodPoint xsi:type="SequencePoint" vc="1" uspid="35" ordinal="0" offset="0" sl="83" sc="9" el="83" ec="10" />
            </Method>
            <Method visited="true" cyclomaticComplexity="1" sequenceCoverage="80" branchCoverage="100" isConstructor="false" isStatic="false" isGetter="false" isSetter="false">
              <Summary numSequencePoints="5" visitedSequencePoints="4" numBranchPoints="1" visitedBranchPoints="1" sequenceCoverage="80" branchCoverage="100" maxCyclomaticComplexity="1" minCyclomaticComplexity="1" />
              <MetadataToken>100663307</MetadataToken>
              <Name>System.Void TestProject1.UnitTest2::registrarCapacitacionProyectadaxPersonaFallida()</Name>
              <FileRef uid="1" />
              <SequencePoints>
                <SequencePoint vc="1" uspid="39" ordinal="0" offset="0" sl="90" sc="9" el="90" ec="10" />
                <SequencePoint vc="1" uspid="40" ordinal="1" offset="1" sl="91" sc="13" el="91" ec="113" />
                <SequencePoint vc="1" uspid="41" ordinal="2" offset="7" sl="92" sc="13" el="92" ec="90" />
                <SequencePoint vc="1" uspid="42" ordinal="3" offset="20" sl="93" sc="13" el="93" ec="43" />
                <SequencePoint vc="0" uspid="43" ordinal="4" offset="28" sl="94" sc="9" el="94" ec="10" />
              </SequencePoints>
              <BranchPoints />
              <MethodPoint xsi:type="SequencePoint" vc="1" uspid="39" ordinal="0" offset="0" sl="90" sc="9" el="90" ec="10" />
            </Method>
            <Method visited="true" cyclomaticComplexity="1" sequenceCoverage="60" branchCoverage="100" isConstructor="false" isStatic="false" isGetter="false" isSetter="false">
              <Summary numSequencePoints="5" visitedSequencePoints="3" numBranchPoints="1" visitedBranchPoints="1" sequenceCoverage="60" branchCoverage="100" maxCyclomaticComplexity="1" minCyclomaticComplexity="1" />
              <MetadataToken>100663308</MetadataToken>
              <Name>System.Void TestProject1.UnitTest2::registrarCapacitacionProyectadaFallida()</Name>
              <FileRef uid="1" />
              <SequencePoints>
                <SequencePoint vc="1" uspid="44" ordinal="0" offset="0" sl="98" sc="9" el="98" ec="10" />
                <SequencePoint vc="1" uspid="45" ordinal="1" offset="1" sl="99" sc="13" el="99" ec="87" />
                <SequencePoint vc="1" uspid="46" ordinal="2" offset="7" sl="100" sc="13" el="100" ec="78" />
                <SequencePoint vc="0" uspid="47" ordinal="3" offset="20" sl="101" sc="13" el="101" ec="40" />
                <SequencePoint vc="0" uspid="48" ordinal="4" offset="28" sl="102" sc="9" el="102" ec="10" />
              </SequencePoints>
              <BranchPoints />
              <MethodPoint xsi:type="SequencePoint" vc="1" uspid="44" ordinal="0" offset="0" sl="98" sc="9" el="98" ec="10" />
            </Method>
            <Method visited="true" cyclomaticComplexity="1" sequenceCoverage="80" branchCoverage="100" isConstructor="false" isStatic="false" isGetter="false" isSetter="false">
              <Summary numSequencePoints="5" visitedSequencePoints="4" numBranchPoints="1" visitedBranchPoints="1" sequenceCoverage="80" branchCoverage="100" maxCyclomaticComplexity="1" minCyclomaticComplexity="1" />
              <MetadataToken>100663309</MetadataToken>
              <Name>System.Void TestProject1.UnitTest2::ActualizarCapacitacionProyectadaFallida()</Name>
              <FileRef uid="1" />
              <SequencePoints>
                <SequencePoint vc="1" uspid="49" ordinal="0" offset="0" sl="106" sc="9" el="106" ec="10" />
                <SequencePoint vc="1" uspid="50" ordinal="1" offset="1" sl="107" sc="13" el="107" ec="87" />
                <SequencePoint vc="1" uspid="51" ordinal="2" offset="7" sl="108" sc="13" el="108" ec="84" />
                <SequencePoint vc="1" uspid="52" ordinal="3" offset="20" sl="109" sc="13" el="109" ec="43" />
                <SequencePoint vc="0" uspid="53" ordinal="4" offset="28" sl="110" sc="9" el="110" ec="10" />
              </SequencePoints>
              <BranchPoints />
              <MethodPoint xsi:type="SequencePoint" vc="1" uspid="49" ordinal="0" offset="0" sl="106" sc="9" el="106" ec="10" />
            </Method>
            <Method visited="true" cyclomaticComplexity="1" sequenceCoverage="87.5" branchCoverage="100" isConstructor="false" isStatic="false" isGetter="false" isSetter="false">
              <Summary numSequencePoints="8" visitedSequencePoints="7" numBranchPoints="1" visitedBranchPoints="1" sequenceCoverage="87.5" branchCoverage="100" maxCyclomaticComplexity="1" minCyclomaticComplexity="1" />
              <MetadataToken>100663310</MetadataToken>
              <Name>System.Void TestProject1.UnitTest2::registrarCapacitacionProyectadaxPersonaCorrecto()</Name>
              <FileRef uid="1" />
              <SequencePoints>
                <SequencePoint vc="1" uspid="54" ordinal="0" offset="0" sl="114" sc="9" el="114" ec="10" />
                <SequencePoint vc="1" uspid="55" ordinal="1" offset="1" sl="115" sc="13" el="115" ec="113" />
                <SequencePoint vc="1" uspid="56" ordinal="2" offset="7" sl="116" sc="13" el="116" ec="44" />
                <SequencePoint vc="1" uspid="57" ordinal="3" offset="15" sl="117" sc="13" el="117" ec="62" />
                <SequencePoint vc="1" uspid="58" ordinal="4" offset="24" sl="118" sc="13" el="118" ec="66" />
                <SequencePoint vc="1" uspid="59" ordinal="5" offset="40" sl="119" sc="13" el="119" ec="90" />
                <SequencePoint vc="1" uspid="60" ordinal="6" offset="53" sl="120" sc="13" el="120" ec="43" />
                <SequencePoint vc="0" uspid="61" ordinal="7" offset="61" sl="121" sc="9" el="121" ec="10" />
              </SequencePoints>
              <BranchPoints />
              <MethodPoint xsi:type="SequencePoint" vc="1" uspid="54" ordinal="0" offset="0" sl="114" sc="9" el="114" ec="10" />
            </Method>
            <Method visited="true" cyclomaticComplexity="1" sequenceCoverage="86.67" branchCoverage="100" isConstructor="false" isStatic="false" isGetter="false" isSetter="false">
              <Summary numSequencePoints="15" visitedSequencePoints="13" numBranchPoints="1" visitedBranchPoints="1" sequenceCoverage="86.67" branchCoverage="100" maxCyclomaticComplexity="1" minCyclomaticComplexity="1" />
              <MetadataToken>100663311</MetadataToken>
              <Name>System.Void TestProject1.UnitTest2::registrarCapacitacionProyectadaCorrecto()</Name>
              <FileRef uid="1" />
              <SequencePoints>
                <SequencePoint vc="1" uspid="62" ordinal="0" offset="0" sl="125" sc="9" el="125" ec="10" />
                <SequencePoint vc="1" uspid="63" ordinal="1" offset="1" sl="126" sc="13" el="126" ec="87" />
                <SequencePoint vc="1" uspid="64" ordinal="2" offset="7" sl="127" sc="13" el="127" ec="51" />
                <SequencePoint vc="1" uspid="65" ordinal="3" offset="15" sl="128" sc="13" el="128" ec="53" />
                <SequencePoint vc="1" uspid="66" ordinal="4" offset="27" sl="129" sc="13" el="129" ec="42" />
                <SequencePoint vc="1" uspid="67" ordinal="5" offset="33" sl="130" sc="13" el="130" ec="51" />
                <SequencePoint vc="1" uspid="68" ordinal="6" offset="41" sl="131" sc="13" el="131" ec="42" />
                <SequencePoint vc="1" uspid="69" ordinal="7" offset="49" sl="132" sc="13" el="132" ec="46" />
                <SequencePoint vc="1" uspid="70" ordinal="8" offset="57" sl="133" sc="13" el="133" ec="44" />
                <SequencePoint vc="1" uspid="71" ordinal="9" offset="65" sl="134" sc="13" el="134" ec="56" />
                <SequencePoint vc="1" uspid="72" ordinal="10" offset="73" sl="135" sc="13" el="135" ec="50" />
                <SequencePoint vc="1" uspid="73" ordinal="11" offset="89" sl="136" sc="13" el="136" ec="56" />
                <SequencePoint vc="1" uspid="74" ordinal="12" offset="101" sl="138" sc="13" el="138" ec="78" />
                <SequencePoint vc="0" uspid="75" ordinal="13" offset="114" sl="139" sc="13" el="139" ec="41" />
                <SequencePoint vc="0" uspid="76" ordinal="14" offset="123" sl="140" sc="9" el="140" ec="10" />
              </SequencePoints>
              <BranchPoints />
              <MethodPoint xsi:type="SequencePoint" vc="1" uspid="62" ordinal="0" offset="0" sl="125" sc="9" el="125" ec="10" />
            </Method>
            <Method visited="true" cyclomaticComplexity="1" sequenceCoverage="85.71" branchCoverage="100" isConstructor="false" isStatic="false" isGetter="false" isSetter="false">
              <Summary numSequencePoints="7" visitedSequencePoints="6" numBranchPoints="1" visitedBranchPoints="1" sequenceCoverage="85.71" branchCoverage="100" maxCyclomaticComplexity="1" minCyclomaticComplexity="1" />
              <MetadataToken>100663312</MetadataToken>
              <Name>System.Void TestProject1.UnitTest2::ActualizarCapacitacionProyectadaCorrecto()</Name>
              <FileRef uid="1" />
              <SequencePoints>
                <SequencePoint vc="1" uspid="77" ordinal="0" offset="0" sl="144" sc="9" el="144" ec="10" />
                <SequencePoint vc="1" uspid="78" ordinal="1" offset="1" sl="145" sc="13" el="145" ec="87" />
                <SequencePoint vc="1" uspid="79" ordinal="2" offset="7" sl="146" sc="13" el="146" ec="62" />
                <SequencePoint vc="1" uspid="80" ordinal="3" offset="16" sl="147" sc="13" el="147" ec="61" />
                <SequencePoint vc="1" uspid="81" ordinal="4" offset="28" sl="148" sc="13" el="148" ec="84" />
                <SequencePoint vc="1" uspid="82" ordinal="5" offset="41" sl="149" sc="13" el="149" ec="43" />
                <SequencePoint vc="0" uspid="83" ordinal="6" offset="49" sl="150" sc="9" el="150" ec="10" />
              </SequencePoints>
              <BranchPoints />
              <MethodPoint xsi:type="SequencePoint" vc="1" uspid="77" ordinal="0" offset="0" sl="144" sc="9" el="144" ec="10" />
            </Method>
            <Method visited="true" cyclomaticComplexity="1" sequenceCoverage="50" branchCoverage="100" isConstructor="false" isStatic="false" isGetter="false" isSetter="false">
              <Summary numSequencePoints="4" visitedSequencePoints="2" numBranchPoints="1" visitedBranchPoints="1" sequenceCoverage="50" branchCoverage="100" maxCyclomaticComplexity="1" minCyclomaticComplexity="1" />
              <MetadataToken>100663313</MetadataToken>
              <Name>System.Void TestProject1.UnitTest2::listaPersona()</Name>
              <FileRef uid="1" />
              <SequencePoints>
                <SequencePoint vc="1" uspid="84" ordinal="0" offset="0" sl="154" sc="9" el="154" ec="10" />
                <SequencePoint vc="1" uspid="85" ordinal="1" offset="1" sl="155" sc="13" el="155" ec="64" />
                <SequencePoint vc="0" uspid="86" ordinal="2" offset="16" sl="156" sc="13" el="156" ec="37" />
                <SequencePoint vc="0" uspid="87" ordinal="3" offset="23" sl="157" sc="9" el="157" ec="10" />
              </SequencePoints>
              <BranchPoints />
              <MethodPoint xsi:type="SequencePoint" vc="1" uspid="84" ordinal="0" offset="0" sl="154" sc="9" el="154" ec="10" />
            </Method>
            <Method visited="true" cyclomaticComplexity="1" sequenceCoverage="100" branchCoverage="100" isConstructor="true" isStatic="false" isGetter="false" isSetter="false">
              <Summary numSequencePoints="1" visitedSequencePoints="1" numBranchPoints="1" visitedBranchPoints="1" sequenceCoverage="100" branchCoverage="100" maxCyclomaticComplexity="1" minCyclomaticComplexity="1" />
              <MetadataToken>100663314</MetadataToken>
              <Name>System.Void TestProject1.UnitTest2::.ctor()</Name>
              <FileRef uid="1" />
              <SequencePoints>
                <SequencePoint vc="17" uspid="88" ordinal="0" offset="0" sl="21" sc="9" el="21" ec="65" />
              </SequencePoints>
              <BranchPoints />
              <MethodPoint xsi:type="SequencePoint" vc="17" uspid="88" ordinal="0" offset="0" sl="21" sc="9" el="21" ec="65" />
            </Method>
          </Methods>
        </Class>
      </Classes>
    </Module>
    <Module skippedDueTo="MissingPdb" hash="69-41-C9-20-C1-3A-B7-51-98-17-EC-39-A1-8F-53-84-00-1B-8E-F7">
      <FullName>C:\Program Files\Microsoft Visual Studio 10.0\Common7\IDE\PrivateAssemblies\Microsoft.VisualStudio.QualityTools.LoadTest.dll</FullName>
      <ModuleName>Microsoft.VisualStudio.QualityTools.LoadTest</ModuleName>
      <Classes />
    </Module>
    <Module skippedDueTo="MissingPdb" hash="E0-8E-6B-E2-18-27-90-34-28-81-8B-E3-41-6E-3B-B2-EE-88-2A-1E">
      <FullName>C:\Windows\assembly\GAC_MSIL\Microsoft.VisualStudio.QualityTools.WebTestFramework\10.0.0.0__b03f5f7f11d50a3a\Microsoft.VisualStudio.QualityTools.WebTestFramework.dll</FullName>
      <ModuleName>Microsoft.VisualStudio.QualityTools.WebTestFramework</ModuleName>
      <Classes />
    </Module>
    <Module skippedDueTo="MissingPdb" hash="69-41-C9-20-C1-3A-B7-51-98-17-EC-39-A1-8F-53-84-00-1B-8E-F7">
      <FullName>C:\Program Files\Microsoft Visual Studio 10.0\Common7\IDE\PrivateAssemblies\Microsoft.VisualStudio.QualityTools.LoadTest.dll</FullName>
      <ModuleName>Microsoft.VisualStudio.QualityTools.LoadTest</ModuleName>
      <Classes />
    </Module>
    <Module skippedDueTo="MissingPdb" hash="A5-AB-D7-95-7C-97-E5-24-D0-86-D4-30-44-8A-20-DC-5D-0F-7A-9F">
      <FullName>C:\Windows\assembly\GAC_MSIL\Microsoft.VisualStudio.QualityTools.ControllerObject\10.0.0.0__b03f5f7f11d50a3a\Microsoft.VisualStudio.QualityTools.ControllerObject.dll</FullName>
      <ModuleName>Microsoft.VisualStudio.QualityTools.ControllerObject</ModuleName>
      <Classes />
    </Module>
    <Module skippedDueTo="MissingPdb" hash="B8-39-7C-A9-6F-A2-19-7A-BE-E7-62-BA-91-F4-25-B1-A3-8D-FB-2A">
      <FullName>C:\Program Files\Microsoft Visual Studio 10.0\Common7\IDE\PrivateAssemblies\Microsoft.VisualStudio.TeamSystem.Licensing.dll</FullName>
      <ModuleName>Microsoft.VisualStudio.TeamSystem.Licensing</ModuleName>
      <Classes />
    </Module>
    <Module skippedDueTo="MissingPdb" hash="7F-A5-AE-CF-ED-6F-7D-0D-8F-C6-45-30-15-FC-87-10-34-FB-4A-FA">
      <FullName>C:\Windows\assembly\GAC_MSIL\Microsoft.VisualStudio.QualityTools.Common\10.0.0.0__b03f5f7f11d50a3a\Microsoft.VisualStudio.QualityTools.Common.dll</FullName>
      <ModuleName>Microsoft.VisualStudio.QualityTools.Common</ModuleName>
      <Classes />
    </Module>
    <Module hash="DE-0E-9A-93-37-B2-49-FE-50-BE-11-16-BF-C1-C9-1E-B7-17-DC-B8">
      <Summary numSequencePoints="184" visitedSequencePoints="45" numBranchPoints="55" visitedBranchPoints="13" sequenceCoverage="24.46" branchCoverage="23.64" maxCyclomaticComplexity="5" minCyclomaticComplexity="1" />
      <FullName>C:\Users\N3AR\Desktop\magah\ModuloPresupuesto2\testproject1\bin\debug\GNRS.ModuloPresupuesto.BL.BC.dll</FullName>
      <ModuleName>GNRS.ModuloPresupuesto.BL.BC</ModuleName>
      <Files>
        <File uid="3" fullPath="c:\Users\N3AR\Desktop\magah\ModuloPresupuesto2\GNRS.ModuloPresupuesto.BL.BC\CapacitarProyectadoBC.cs" />
        <File uid="4" fullPath="c:\Users\N3AR\Desktop\magah\ModuloPresupuesto2\GNRS.ModuloPresupuesto.BL.BC\PresupuestoPersonalProyectadoBC.cs" />
      </Files>
      <Classes>
        <Class>
          <Summary numSequencePoints="0" visitedSequencePoints="0" numBranchPoints="0" visitedBranchPoints="0" sequenceCoverage="0" branchCoverage="0" maxCyclomaticComplexity="0" minCyclomaticComplexity="0" />
          <FullName>&lt;Module&gt;</FullName>
          <Methods />
        </Class>
        <Class>
          <Summary numSequencePoints="87" visitedSequencePoints="45" numBranchPoints="28" visitedBranchPoints="13" sequenceCoverage="51.72" branchCoverage="46.43" maxCyclomaticComplexity="5" minCyclomaticComplexity="1" />
          <FullName>GNRS.ModuloPresupuesto.BL.BC.CapacitarProyectadoBC</FullName>
          <Methods>
            <Method visited="true" cyclomaticComplexity="1" sequenceCoverage="100" branchCoverage="100" isConstructor="false" isStatic="false" isGetter="false" isSetter="false">
              <Summary numSequencePoints="3" visitedSequencePoints="3" numBranchPoints="1" visitedBranchPoints="1" sequenceCoverage="100" branchCoverage="100" maxCyclomaticComplexity="1" minCyclomaticComplexity="1" />
              <MetadataToken>100663297</MetadataToken>
              <Name>System.Collections.Generic.List`1&lt;GNRS.ModuloPresupuesto.DL.DALC.LOCALIDAD&gt; GNRS.ModuloPresupuesto.BL.BC.CapacitarProyectadoBC::listarLocalidades()</Name>
              <FileRef uid="3" />
              <SequencePoints>
                <SequencePoint vc="1" uspid="89" ordinal="0" offset="0" sl="22" sc="9" el="22" ec="10" />
                <SequencePoint vc="1" uspid="90" ordinal="1" offset="1" sl="23" sc="13" el="23" ec="54" />
                <SequencePoint vc="1" uspid="91" ordinal="2" offset="15" sl="24" sc="9" el="24" ec="10" />
              </SequencePoints>
              <BranchPoints />
              <MethodPoint xsi:type="SequencePoint" vc="1" uspid="89" ordinal="0" offset="0" sl="22" sc="9" el="22" ec="10" />
            </Method>
            <Method visited="true" cyclomaticComplexity="1" sequenceCoverage="100" branchCoverage="100" isConstructor="false" isStatic="false" isGetter="false" isSetter="false">
              <Summary numSequencePoints="3" visitedSequencePoints="3" numBranchPoints="1" visitedBranchPoints="1" sequenceCoverage="100" branchCoverage="100" maxCyclomaticComplexity="1" minCyclomaticComplexity="1" />
              <MetadataToken>100663298</MetadataToken>
              <Name>System.Collections.Generic.List`1&lt;GNRS.ModuloPresupuesto.DL.DALC.AREA&gt; GNRS.ModuloPresupuesto.BL.BC.CapacitarProyectadoBC::listarAreas()</Name>
              <FileRef uid="3" />
              <SequencePoints>
                <SequencePoint vc="1" uspid="92" ordinal="0" offset="0" sl="27" sc="9" el="27" ec="10" />
                <SequencePoint vc="1" uspid="93" ordinal="1" offset="1" sl="28" sc="13" el="28" ec="43" />
                <SequencePoint vc="1" uspid="94" ordinal="2" offset="15" sl="29" sc="9" el="29" ec="10" />
              </SequencePoints>
              <BranchPoints />
              <MethodPoint xsi:type="SequencePoint" vc="1" uspid="92" ordinal="0" offset="0" sl="27" sc="9" el="27" ec="10" />
            </Method>
            <Method visited="true" cyclomaticComplexity="1" sequenceCoverage="100" branchCoverage="100" isConstructor="false" isStatic="false" isGetter="false" isSetter="false">
              <Summary numSequencePoints="3" visitedSequencePoints="3" numBranchPoints="1" visitedBranchPoints="1" sequenceCoverage="100" branchCoverage="100" maxCyclomaticComplexity="1" minCyclomaticComplexity="1" />
              <MetadataToken>100663299</MetadataToken>
              <Name>System.Collections.Generic.List`1&lt;GNRS.ModuloPresupuesto.DL.DALC.SECCION&gt; GNRS.ModuloPresupuesto.BL.BC.CapacitarProyectadoBC::listarSecciones()</Name>
              <FileRef uid="3" />
              <SequencePoints>
                <SequencePoint vc="1" uspid="95" ordinal="0" offset="0" sl="32" sc="9" el="32" ec="10" />
                <SequencePoint vc="1" uspid="96" ordinal="1" offset="1" sl="33" sc="13" el="33" ec="48" />
                <SequencePoint vc="1" uspid="97" ordinal="2" offset="15" sl="34" sc="9" el="34" ec="10" />
              </SequencePoints>
              <BranchPoints />
              <MethodPoint xsi:type="SequencePoint" vc="1" uspid="95" ordinal="0" offset="0" sl="32" sc="9" el="32" ec="10" />
            </Method>
            <Method visited="true" cyclomaticComplexity="1" sequenceCoverage="100" branchCoverage="100" isConstructor="false" isStatic="false" isGetter="false" isSetter="false">
              <Summary numSequencePoints="3" visitedSequencePoints="3" numBranchPoints="1" visitedBranchPoints="1" sequenceCoverage="100" branchCoverage="100" maxCyclomaticComplexity="1" minCyclomaticComplexity="1" />
              <MetadataToken>100663300</MetadataToken>
              <Name>System.Collections.Generic.List`1&lt;GNRS.ModuloPresupuesto.DL.DALC.INSTITUCION&gt; GNRS.ModuloPresupuesto.BL.BC.CapacitarProyectadoBC::listarInstituciones()</Name>
              <FileRef uid="3" />
              <SequencePoints>
                <SequencePoint vc="1" uspid="98" ordinal="0" offset="0" sl="37" sc="9" el="37" ec="10" />
                <SequencePoint vc="1" uspid="99" ordinal="1" offset="1" sl="38" sc="13" el="38" ec="60" />
                <SequencePoint vc="1" uspid="100" ordinal="2" offset="15" sl="39" sc="9" el="39" ec="10" />
              </SequencePoints>
              <BranchPoints />
              <MethodPoint xsi:type="SequencePoint" vc="1" uspid="98" ordinal="0" offset="0" sl="37" sc="9" el="37" ec="10" />
            </Method>
            <Method visited="true" cyclomaticComplexity="1" sequenceCoverage="100" branchCoverage="100" isConstructor="false" isStatic="false" isGetter="false" isSetter="false">
              <Summary numSequencePoints="3" visitedSequencePoints="3" numBranchPoints="1" visitedBranchPoints="1" sequenceCoverage="100" branchCoverage="100" maxCyclomaticComplexity="1" minCyclomaticComplexity="1" />
              <MetadataToken>100663301</MetadataToken>
              <Name>System.Collections.Generic.List`1&lt;GNRS.ModuloPresupuesto.DL.DALC.CURSO&gt; GNRS.ModuloPresupuesto.BL.BC.CapacitarProyectadoBC::listarCurso()</Name>
              <FileRef uid="3" />
              <SequencePoints>
                <SequencePoint vc="1" uspid="101" ordinal="0" offset="0" sl="42" sc="9" el="42" ec="10" />
                <SequencePoint vc="1" uspid="102" ordinal="1" offset="1" sl="43" sc="13" el="43" ec="44" />
                <SequencePoint vc="1" uspid="103" ordinal="2" offset="15" sl="44" sc="9" el="44" ec="10" />
              </SequencePoints>
              <BranchPoints />
              <MethodPoint xsi:type="SequencePoint" vc="1" uspid="101" ordinal="0" offset="0" sl="42" sc="9" el="42" ec="10" />
            </Method>
            <Method visited="true" cyclomaticComplexity="1" sequenceCoverage="66.67" branchCoverage="100" isConstructor="false" isStatic="false" isGetter="false" isSetter="false">
              <Summary numSequencePoints="3" visitedSequencePoints="2" numBranchPoints="1" visitedBranchPoints="1" sequenceCoverage="66.67" branchCoverage="100" maxCyclomaticComplexity="1" minCyclomaticComplexity="1" />
              <MetadataToken>100663302</MetadataToken>
              <Name>System.Collections.Generic.List`1&lt;GNRS.ModuloPresupuesto.BL.BE.PersonaBE&gt; GNRS.ModuloPresupuesto.BL.BC.CapacitarProyectadoBC::listarPersona(System.Int32,System.Int32,System.Int32)</Name>
              <FileRef uid="3" />
              <SequencePoints>
                <SequencePoint vc="1" uspid="104" ordinal="0" offset="0" sl="47" sc="9" el="47" ec="10" />
                <SequencePoint vc="1" uspid="105" ordinal="1" offset="1" sl="48" sc="13" el="48" ec="101" />
                <SequencePoint vc="0" uspid="106" ordinal="2" offset="18" sl="49" sc="9" el="49" ec="10" />
              </SequencePoints>
              <BranchPoints />
              <MethodPoint xsi:type="SequencePoint" vc="1" uspid="104" ordinal="0" offset="0" sl="47" sc="9" el="47" ec="10" />
            </Method>
            <Method visited="false" cyclomaticComplexity="1" sequenceCoverage="0" branchCoverage="0" isConstructor="false" isStatic="false" isGetter="false" isSetter="false">
              <Summary numSequencePoints="3" visitedSequencePoints="0" numBranchPoints="1" visitedBranchPoints="0" sequenceCoverage="0" branchCoverage="0" maxCyclomaticComplexity="1" minCyclomaticComplexity="1" />
              <MetadataToken>100663303</MetadataToken>
              <Name>System.Collections.Generic.List`1&lt;GNRS.ModuloPresupuesto.DL.DALC.CURSO&gt; GNRS.ModuloPresupuesto.BL.BC.CapacitarProyectadoBC::listarCursoxInsituciones(System.Int32)</Name>
              <FileRef uid="3" />
              <SequencePoints>
                <SequencePoint vc="0" uspid="107" ordinal="0" offset="0" sl="59" sc="9" el="59" ec="10" />
                <SequencePoint vc="0" uspid="108" ordinal="1" offset="1" sl="60" sc="13" el="60" ec="69" />
                <SequencePoint vc="0" uspid="109" ordinal="2" offset="16" sl="61" sc="9" el="61" ec="10" />
              </SequencePoints>
              <BranchPoints />
              <MethodPoint xsi:type="SequencePoint" vc="0" uspid="107" ordinal="0" offset="0" sl="59" sc="9" el="59" ec="10" />
            </Method>
            <Method visited="true" cyclomaticComplexity="5" sequenceCoverage="16.67" branchCoverage="11.11" isConstructor="false" isStatic="false" isGetter="false" isSetter="false">
              <Summary numSequencePoints="30" visitedSequencePoints="5" numBranchPoints="9" visitedBranchPoints="1" sequenceCoverage="16.67" branchCoverage="11.11" maxCyclomaticComplexity="5" minCyclomaticComplexity="5" />
              <MetadataToken>100663304</MetadataToken>
              <Name>System.Collections.Generic.List`1&lt;GNRS.ModuloPresupuesto.DL.DALC.AREA&gt; GNRS.ModuloPresupuesto.BL.BC.CapacitarProyectadoBC::filtrarAreasXLocalidad(System.Int32)</Name>
              <FileRef uid="3" />
              <SequencePoints>
                <SequencePoint vc="2" uspid="110" ordinal="0" offset="0" sl="64" sc="9" el="64" ec="10" />
                <SequencePoint vc="2" uspid="111" ordinal="1" offset="1" sl="65" sc="13" el="65" ec="108" />
                <SequencePoint vc="2" uspid="112" ordinal="2" offset="19" sl="67" sc="13" el="67" ec="59" />
                <SequencePoint vc="2" uspid="113" ordinal="3" offset="30" sl="69" sc="13" el="69" ec="20" />
                <SequencePoint vc="2" uspid="114" ordinal="4" offset="31" sl="69" sc="34" el="69" ec="65" />
                <SequencePoint vc="0" uspid="115" ordinal="5" offset="46" sl="69" sc="22" el="69" ec="30" />
                <SequencePoint vc="0" uspid="116" ordinal="6" offset="54" sl="70" sc="13" el="70" ec="14" />
                <SequencePoint vc="0" uspid="117" ordinal="7" offset="55" sl="71" sc="17" el="71" ec="77" />
                <SequencePoint vc="0" uspid="118" ordinal="8" offset="68" sl="72" sc="17" el="72" ec="24" />
                <SequencePoint vc="0" uspid="119" ordinal="9" offset="69" sl="72" sc="41" el="72" ec="45" />
                <SequencePoint vc="0" uspid="120" ordinal="10" offset="79" sl="72" sc="26" el="72" ec="37" />
                <SequencePoint vc="0" uspid="121" ordinal="11" offset="87" sl="73" sc="17" el="73" ec="18" />
                <SequencePoint vc="0" uspid="122" ordinal="12" offset="88" sl="74" sc="21" el="74" ec="78" />
                <SequencePoint vc="0" uspid="123" ordinal="13" offset="101" sl="75" sc="21" el="75" ec="37" />
                <SequencePoint vc="0" uspid="124" ordinal="14" offset="114" sl="76" sc="25" el="76" ec="66" />
                <SequencePoint vc="0" uspid="125" ordinal="15" offset="127" sl="77" sc="17" el="77" ec="18" />
                <SequencePoint vc="0" uspid="126" ordinal="16" offset="128" sl="72" sc="38" el="72" ec="40" />
                <SequencePoint vc="0" uspid="127" ordinal="17" offset="159" sl="78" sc="13" el="78" ec="14" />
                <SequencePoint vc="0" uspid="128" ordinal="18" offset="160" sl="69" sc="31" el="69" ec="33" />
                <SequencePoint vc="0" uspid="129" ordinal="19" offset="191" sl="80" sc="13" el="80" ec="43" />
                <SequencePoint vc="0" uspid="130" ordinal="20" offset="202" sl="81" sc="13" el="81" ec="20" />
                <SequencePoint vc="0" uspid="131" ordinal="21" offset="203" sl="81" sc="38" el="81" ec="65" />
                <SequencePoint vc="0" uspid="132" ordinal="22" offset="218" sl="81" sc="22" el="81" ec="34" />
                <SequencePoint vc="0" uspid="133" ordinal="23" offset="227" sl="82" sc="13" el="82" ec="14" />
                <SequencePoint vc="0" uspid="134" ordinal="24" offset="228" sl="83" sc="17" el="83" ec="67" />
                <SequencePoint vc="0" uspid="135" ordinal="25" offset="243" sl="84" sc="17" el="84" ec="38" />
                <SequencePoint vc="0" uspid="136" ordinal="26" offset="257" sl="85" sc="13" el="85" ec="14" />
                <SequencePoint vc="0" uspid="137" ordinal="27" offset="258" sl="81" sc="35" el="81" ec="37" />
                <SequencePoint vc="0" uspid="138" ordinal="28" offset="289" sl="87" sc="13" el="87" ec="31" />
                <SequencePoint vc="0" uspid="139" ordinal="29" offset="299" sl="89" sc="9" el="89" ec="10" />
              </SequencePoints>
              <BranchPoints>
                <BranchPoint vc="0" uspid="140" ordinal="0" offset="112" path="0" />
                <BranchPoint vc="0" uspid="141" ordinal="1" offset="112" path="1" />
                <BranchPoint vc="0" uspid="142" ordinal="2" offset="139" path="0" />
                <BranchPoint vc="0" uspid="143" ordinal="3" offset="139" path="1" />
                <BranchPoint vc="0" uspid="144" ordinal="4" offset="171" path="0" />
                <BranchPoint vc="0" uspid="145" ordinal="5" offset="171" path="1" />
                <BranchPoint vc="0" uspid="146" ordinal="6" offset="269" path="0" />
                <BranchPoint vc="0" uspid="147" ordinal="7" offset="269" path="1" />
              </BranchPoints>
              <MethodPoint xsi:type="SequencePoint" vc="2" uspid="110" ordinal="0" offset="0" sl="64" sc="9" el="64" ec="10" />
            </Method>
            <Method visited="true" cyclomaticComplexity="4" sequenceCoverage="29.41" branchCoverage="14.29" isConstructor="false" isStatic="false" isGetter="false" isSetter="false">
              <Summary numSequencePoints="17" visitedSequencePoints="5" numBranchPoints="7" visitedBranchPoints="1" sequenceCoverage="29.41" branchCoverage="14.29" maxCyclomaticComplexity="4" minCyclomaticComplexity="4" />
              <MetadataToken>100663305</MetadataToken>
              <Name>System.Collections.Generic.List`1&lt;GNRS.ModuloPresupuesto.DL.DALC.SECCION&gt; GNRS.ModuloPresupuesto.BL.BC.CapacitarProyectadoBC::filtrarSeccionesXAreaLocalidad(System.Int32,System.Int32)</Name>
              <FileRef uid="3" />
              <SequencePoints>
                <SequencePoint vc="1" uspid="148" ordinal="0" offset="0" sl="93" sc="9" el="93" ec="10" />
                <SequencePoint vc="1" uspid="149" ordinal="1" offset="1" sl="94" sc="13" el="94" ec="108" />
                <SequencePoint vc="1" uspid="150" ordinal="2" offset="19" sl="96" sc="13" el="96" ec="50" />
                <SequencePoint vc="1" uspid="151" ordinal="3" offset="30" sl="97" sc="13" el="97" ec="20" />
                <SequencePoint vc="1" uspid="152" ordinal="4" offset="31" sl="97" sc="34" el="97" ec="65" />
                <SequencePoint vc="0" uspid="153" ordinal="5" offset="45" sl="97" sc="22" el="97" ec="30" />
                <SequencePoint vc="0" uspid="154" ordinal="6" offset="53" sl="98" sc="13" el="98" ec="14" />
                <SequencePoint vc="0" uspid="155" ordinal="7" offset="54" sl="99" sc="17" el="99" ec="72" />
                <SequencePoint vc="0" uspid="156" ordinal="8" offset="67" sl="100" sc="17" el="100" ec="34" />
                <SequencePoint vc="0" uspid="157" ordinal="9" offset="77" sl="101" sc="17" el="101" ec="18" />
                <SequencePoint vc="0" uspid="158" ordinal="10" offset="78" sl="102" sc="21" el="102" ec="52" />
                <SequencePoint vc="0" uspid="159" ordinal="11" offset="96" sl="103" sc="25" el="103" ec="50" />
                <SequencePoint vc="0" uspid="160" ordinal="12" offset="109" sl="104" sc="17" el="104" ec="18" />
                <SequencePoint vc="0" uspid="161" ordinal="13" offset="110" sl="105" sc="13" el="105" ec="14" />
                <SequencePoint vc="0" uspid="162" ordinal="14" offset="111" sl="97" sc="31" el="97" ec="33" />
                <SequencePoint vc="0" uspid="163" ordinal="15" offset="142" sl="107" sc="13" el="107" ec="35" />
                <SequencePoint vc="0" uspid="164" ordinal="16" offset="151" sl="108" sc="9" el="108" ec="10" />
              </SequencePoints>
              <BranchPoints>
                <BranchPoint vc="0" uspid="165" ordinal="0" offset="75" path="0" />
                <BranchPoint vc="0" uspid="166" ordinal="1" offset="75" path="1" />
                <BranchPoint vc="0" uspid="167" ordinal="2" offset="94" path="0" />
                <BranchPoint vc="0" uspid="168" ordinal="3" offset="94" path="1" />
                <BranchPoint vc="0" uspid="169" ordinal="4" offset="122" path="0" />
                <BranchPoint vc="0" uspid="170" ordinal="5" offset="122" path="1" />
              </BranchPoints>
              <MethodPoint xsi:type="SequencePoint" vc="1" uspid="148" ordinal="0" offset="0" sl="93" sc="9" el="93" ec="10" />
            </Method>
            <Method visited="true" cyclomaticComplexity="1" sequenceCoverage="100" branchCoverage="100" isConstructor="false" isStatic="false" isGetter="false" isSetter="false">
              <Summary numSequencePoints="3" visitedSequencePoints="3" numBranchPoints="1" visitedBranchPoints="1" sequenceCoverage="100" branchCoverage="100" maxCyclomaticComplexity="1" minCyclomaticComplexity="1" />
              <MetadataToken>100663306</MetadataToken>
              <Name>GNRS.ModuloPresupuesto.DL.DALC.CURSO GNRS.ModuloPresupuesto.BL.BC.CapacitarProyectadoBC::obtenerCurso(System.Int32)</Name>
              <FileRef uid="3" />
              <SequencePoints>
                <SequencePoint vc="1" uspid="171" ordinal="0" offset="0" sl="111" sc="9" el="111" ec="10" />
                <SequencePoint vc="1" uspid="172" ordinal="1" offset="1" sl="112" sc="13" el="112" ec="56" />
                <SequencePoint vc="1" uspid="173" ordinal="2" offset="16" sl="113" sc="9" el="113" ec="10" />
              </SequencePoints>
              <BranchPoints />
              <MethodPoint xsi:type="SequencePoint" vc="1" uspid="171" ordinal="0" offset="0" sl="111" sc="9" el="111" ec="10" />
            </Method>
            <Method visited="true" cyclomaticComplexity="1" sequenceCoverage="66.67" branchCoverage="100" isConstructor="false" isStatic="false" isGetter="false" isSetter="false">
              <Summary numSequencePoints="3" visitedSequencePoints="2" numBranchPoints="1" visitedBranchPoints="1" sequenceCoverage="66.67" branchCoverage="100" maxCyclomaticComplexity="1" minCyclomaticComplexity="1" />
              <MetadataToken>100663307</MetadataToken>
              <Name>System.Int32 GNRS.ModuloPresupuesto.BL.BC.CapacitarProyectadoBC::insertarcapacitacionProyectada(GNRS.ModuloPresupuesto.DL.DALC.PRESUPUESTO_CAPACITACION)</Name>
              <FileRef uid="3" />
              <SequencePoints>
                <SequencePoint vc="2" uspid="174" ordinal="0" offset="0" sl="116" sc="9" el="116" ec="10" />
                <SequencePoint vc="2" uspid="175" ordinal="1" offset="1" sl="117" sc="13" el="117" ec="82" />
                <SequencePoint vc="0" uspid="176" ordinal="2" offset="16" sl="118" sc="9" el="118" ec="10" />
              </SequencePoints>
              <BranchPoints />
              <MethodPoint xsi:type="SequencePoint" vc="2" uspid="174" ordinal="0" offset="0" sl="116" sc="9" el="116" ec="10" />
            </Method>
            <Method visited="true" cyclomaticComplexity="1" sequenceCoverage="100" branchCoverage="100" isConstructor="false" isStatic="false" isGetter="false" isSetter="false">
              <Summary numSequencePoints="3" visitedSequencePoints="3" numBranchPoints="1" visitedBranchPoints="1" sequenceCoverage="100" branchCoverage="100" maxCyclomaticComplexity="1" minCyclomaticComplexity="1" />
              <MetadataToken>100663308</MetadataToken>
              <Name>System.Boolean GNRS.ModuloPresupuesto.BL.BC.CapacitarProyectadoBC::insertarcapacitacionProyectadaxPersona(GNRS.ModuloPresupuesto.DL.DALC.PRESUPUESTO_CAPACITACION_POR_PERSONAL)</Name>
              <FileRef uid="3" />
              <SequencePoints>
                <SequencePoint vc="2" uspid="177" ordinal="0" offset="0" sl="121" sc="9" el="121" ec="10" />
                <SequencePoint vc="2" uspid="178" ordinal="1" offset="1" sl="122" sc="13" el="122" ec="98" />
                <SequencePoint vc="2" uspid="179" ordinal="2" offset="16" sl="123" sc="9" el="123" ec="10" />
              </SequencePoints>
              <BranchPoints />
              <MethodPoint xsi:type="SequencePoint" vc="2" uspid="177" ordinal="0" offset="0" sl="121" sc="9" el="121" ec="10" />
            </Method>
            <Method visited="true" cyclomaticComplexity="1" sequenceCoverage="100" branchCoverage="100" isConstructor="false" isStatic="false" isGetter="false" isSetter="false">
              <Summary numSequencePoints="3" visitedSequencePoints="3" numBranchPoints="1" visitedBranchPoints="1" sequenceCoverage="100" branchCoverage="100" maxCyclomaticComplexity="1" minCyclomaticComplexity="1" />
              <MetadataToken>100663309</MetadataToken>
              <Name>System.Boolean GNRS.ModuloPresupuesto.BL.BC.CapacitarProyectadoBC::ActualizarcapacitacionProyectada(GNRS.ModuloPresupuesto.DL.DALC.PRESUPUESTO_CAPACITACION)</Name>
              <FileRef uid="3" />
              <SequencePoints>
                <SequencePoint vc="2" uspid="180" ordinal="0" offset="0" sl="126" sc="9" el="126" ec="10" />
                <SequencePoint vc="2" uspid="181" ordinal="1" offset="1" sl="127" sc="13" el="127" ec="84" />
                <SequencePoint vc="2" uspid="182" ordinal="2" offset="16" sl="128" sc="9" el="128" ec="10" />
              </SequencePoints>
              <BranchPoints />
              <MethodPoint xsi:type="SequencePoint" vc="2" uspid="180" ordinal="0" offset="0" sl="126" sc="9" el="126" ec="10" />
            </Method>
            <Method visited="true" cyclomaticComplexity="1" sequenceCoverage="100" branchCoverage="100" isConstructor="true" isStatic="false" isGetter="false" isSetter="false">
              <Summary numSequencePoints="7" visitedSequencePoints="7" numBranchPoints="1" visitedBranchPoints="1" sequenceCoverage="100" branchCoverage="100" maxCyclomaticComplexity="1" minCyclomaticComplexity="1" />
              <MetadataToken>100663310</MetadataToken>
              <Name>System.Void GNRS.ModuloPresupuesto.BL.BC.CapacitarProyectadoBC::.ctor()</Name>
              <FileRef uid="3" />
              <SequencePoints>
                <SequencePoint vc="17" uspid="183" ordinal="0" offset="0" sl="13" sc="9" el="13" ec="59" />
                <SequencePoint vc="17" uspid="184" ordinal="1" offset="11" sl="14" sc="9" el="14" ec="44" />
                <SequencePoint vc="17" uspid="185" ordinal="2" offset="22" sl="15" sc="9" el="15" ec="53" />
                <SequencePoint vc="17" uspid="186" ordinal="3" offset="33" sl="16" sc="9" el="16" ec="63" />
                <SequencePoint vc="17" uspid="187" ordinal="4" offset="44" sl="17" sc="9" el="17" ec="47" />
                <SequencePoint vc="17" uspid="188" ordinal="5" offset="55" sl="18" sc="9" el="18" ec="53" />
                <SequencePoint vc="17" uspid="189" ordinal="6" offset="66" sl="19" sc="9" el="19" ec="79" />
              </SequencePoints>
              <BranchPoints />
              <MethodPoint xsi:type="SequencePoint" vc="17" uspid="183" ordinal="0" offset="0" sl="13" sc="9" el="13" ec="59" />
            </Method>
          </Methods>
        </Class>
        <Class>
          <Summary numSequencePoints="0" visitedSequencePoints="0" numBranchPoints="0" visitedBranchPoints="0" sequenceCoverage="0" branchCoverage="0" maxCyclomaticComplexity="1" minCyclomaticComplexity="1" />
          <FullName>GNRS.ModuloPresupuesto.BL.BC.Class1</FullName>
          <Methods>
            <Method visited="false" cyclomaticComplexity="1" sequenceCoverage="0" branchCoverage="0" isConstructor="true" isStatic="false" isGetter="false" isSetter="false">
              <Summary numSequencePoints="0" visitedSequencePoints="0" numBranchPoints="0" visitedBranchPoints="0" sequenceCoverage="0" branchCoverage="0" maxCyclomaticComplexity="1" minCyclomaticComplexity="1" />
              <MetadataToken>100663311</MetadataToken>
              <Name>System.Void GNRS.ModuloPresupuesto.BL.BC.Class1::.ctor()</Name>
              <SequencePoints />
              <BranchPoints />
              <MethodPoint vc="0" uspid="190" ordinal="0" offset="0" />
            </Method>
          </Methods>
        </Class>
        <Class>
          <Summary numSequencePoints="97" visitedSequencePoints="0" numBranchPoints="27" visitedBranchPoints="0" sequenceCoverage="0" branchCoverage="0" maxCyclomaticComplexity="5" minCyclomaticComplexity="1" />
          <FullName>GNRS.ModuloPresupuesto.BL.BC.PresupuestoPersonalProyectadoBC</FullName>
          <Methods>
            <Method visited="false" cyclomaticComplexity="1" sequenceCoverage="0" branchCoverage="0" isConstructor="false" isStatic="false" isGetter="false" isSetter="false">
              <Summary numSequencePoints="3" visitedSequencePoints="0" numBranchPoints="1" visitedBranchPoints="0" sequenceCoverage="0" branchCoverage="0" maxCyclomaticComplexity="1" minCyclomaticComplexity="1" />
              <MetadataToken>100663312</MetadataToken>
              <Name>System.Collections.Generic.List`1&lt;GNRS.ModuloPresupuesto.DL.DALC.LOCALIDAD&gt; GNRS.ModuloPresupuesto.BL.BC.PresupuestoPersonalProyectadoBC::listarLocalidades()</Name>
              <FileRef uid="4" />
              <SequencePoints>
                <SequencePoint vc="0" uspid="191" ordinal="0" offset="0" sl="23" sc="9" el="23" ec="10" />
                <SequencePoint vc="0" uspid="192" ordinal="1" offset="1" sl="24" sc="13" el="24" ec="54" />
                <SequencePoint vc="0" uspid="193" ordinal="2" offset="15" sl="25" sc="9" el="25" ec="10" />
              </SequencePoints>
              <BranchPoints />
              <MethodPoint xsi:type="SequencePoint" vc="0" uspid="191" ordinal="0" offset="0" sl="23" sc="9" el="23" ec="10" />
            </Method>
            <Method visited="false" cyclomaticComplexity="1" sequenceCoverage="0" branchCoverage="0" isConstructor="false" isStatic="false" isGetter="false" isSetter="false">
              <Summary numSequencePoints="3" visitedSequencePoints="0" numBranchPoints="1" visitedBranchPoints="0" sequenceCoverage="0" branchCoverage="0" maxCyclomaticComplexity="1" minCyclomaticComplexity="1" />
              <MetadataToken>100663313</MetadataToken>
              <Name>System.Collections.Generic.List`1&lt;GNRS.ModuloPresupuesto.DL.DALC.AREA&gt; GNRS.ModuloPresupuesto.BL.BC.PresupuestoPersonalProyectadoBC::listarAreas()</Name>
              <FileRef uid="4" />
              <SequencePoints>
                <SequencePoint vc="0" uspid="194" ordinal="0" offset="0" sl="28" sc="9" el="28" ec="10" />
                <SequencePoint vc="0" uspid="195" ordinal="1" offset="1" sl="29" sc="13" el="29" ec="43" />
                <SequencePoint vc="0" uspid="196" ordinal="2" offset="15" sl="30" sc="9" el="30" ec="10" />
              </SequencePoints>
              <BranchPoints />
              <MethodPoint xsi:type="SequencePoint" vc="0" uspid="194" ordinal="0" offset="0" sl="28" sc="9" el="28" ec="10" />
            </Method>
            <Method visited="false" cyclomaticComplexity="1" sequenceCoverage="0" branchCoverage="0" isConstructor="false" isStatic="false" isGetter="false" isSetter="false">
              <Summary numSequencePoints="3" visitedSequencePoints="0" numBranchPoints="1" visitedBranchPoints="0" sequenceCoverage="0" branchCoverage="0" maxCyclomaticComplexity="1" minCyclomaticComplexity="1" />
              <MetadataToken>100663314</MetadataToken>
              <Name>System.Collections.Generic.List`1&lt;GNRS.ModuloPresupuesto.DL.DALC.SECCION&gt; GNRS.ModuloPresupuesto.BL.BC.PresupuestoPersonalProyectadoBC::listarSecciones()</Name>
              <FileRef uid="4" />
              <SequencePoints>
                <SequencePoint vc="0" uspid="197" ordinal="0" offset="0" sl="33" sc="9" el="33" ec="10" />
                <SequencePoint vc="0" uspid="198" ordinal="1" offset="1" sl="34" sc="13" el="34" ec="48" />
                <SequencePoint vc="0" uspid="199" ordinal="2" offset="15" sl="35" sc="9" el="35" ec="10" />
              </SequencePoints>
              <BranchPoints />
              <MethodPoint xsi:type="SequencePoint" vc="0" uspid="197" ordinal="0" offset="0" sl="33" sc="9" el="33" ec="10" />
            </Method>
            <Method visited="false" cyclomaticComplexity="1" sequenceCoverage="0" branchCoverage="0" isConstructor="false" isStatic="false" isGetter="false" isSetter="false">
              <Summary numSequencePoints="3" visitedSequencePoints="0" numBranchPoints="1" visitedBranchPoints="0" sequenceCoverage="0" branchCoverage="0" maxCyclomaticComplexity="1" minCyclomaticComplexity="1" />
              <MetadataToken>100663315</MetadataToken>
              <Name>System.Collections.Generic.List`1&lt;GNRS.ModuloPresupuesto.DL.DALC.CARGO_PERSONAL&gt; GNRS.ModuloPresupuesto.BL.BC.PresupuestoPersonalProyectadoBC::listarCargos()</Name>
              <FileRef uid="4" />
              <SequencePoints>
                <SequencePoint vc="0" uspid="200" ordinal="0" offset="0" sl="38" sc="9" el="38" ec="10" />
                <SequencePoint vc="0" uspid="201" ordinal="1" offset="1" sl="39" sc="13" el="39" ec="45" />
                <SequencePoint vc="0" uspid="202" ordinal="2" offset="15" sl="40" sc="9" el="40" ec="10" />
              </SequencePoints>
              <BranchPoints />
              <MethodPoint xsi:type="SequencePoint" vc="0" uspid="200" ordinal="0" offset="0" sl="38" sc="9" el="38" ec="10" />
            </Method>
            <Method visited="false" cyclomaticComplexity="5" sequenceCoverage="0" branchCoverage="0" isConstructor="false" isStatic="false" isGetter="false" isSetter="false">
              <Summary numSequencePoints="30" visitedSequencePoints="0" numBranchPoints="9" visitedBranchPoints="0" sequenceCoverage="0" branchCoverage="0" maxCyclomaticComplexity="5" minCyclomaticComplexity="5" />
              <MetadataToken>100663316</MetadataToken>
              <Name>System.Collections.Generic.List`1&lt;GNRS.ModuloPresupuesto.DL.DALC.AREA&gt; GNRS.ModuloPresupuesto.BL.BC.PresupuestoPersonalProyectadoBC::filtrarAreasXLocalidad(System.Int32)</Name>
              <FileRef uid="4" />
              <SequencePoints>
                <SequencePoint vc="0" uspid="203" ordinal="0" offset="0" sl="50" sc="9" el="50" ec="10" />
                <SequencePoint vc="0" uspid="204" ordinal="1" offset="1" sl="51" sc="13" el="51" ec="106" />
                <SequencePoint vc="0" uspid="205" ordinal="2" offset="19" sl="53" sc="13" el="53" ec="59" />
                <SequencePoint vc="0" uspid="206" ordinal="3" offset="30" sl="55" sc="13" el="55" ec="20" />
                <SequencePoint vc="0" uspid="207" ordinal="4" offset="31" sl="55" sc="34" el="55" ec="65" />
                <SequencePoint vc="0" uspid="208" ordinal="5" offset="46" sl="55" sc="22" el="55" ec="30" />
                <SequencePoint vc="0" uspid="209" ordinal="6" offset="54" sl="56" sc="13" el="56" ec="14" />
                <SequencePoint vc="0" uspid="210" ordinal="7" offset="55" sl="57" sc="17" el="57" ec="75" />
                <SequencePoint vc="0" uspid="211" ordinal="8" offset="68" sl="58" sc="17" el="58" ec="24" />
                <SequencePoint vc="0" uspid="212" ordinal="9" offset="69" sl="58" sc="41" el="58" ec="45" />
                <SequencePoint vc="0" uspid="213" ordinal="10" offset="79" sl="58" sc="26" el="58" ec="37" />
                <SequencePoint vc="0" uspid="214" ordinal="11" offset="87" sl="59" sc="17" el="59" ec="18" />
                <SequencePoint vc="0" uspid="215" ordinal="12" offset="88" sl="60" sc="21" el="60" ec="78" />
                <SequencePoint vc="0" uspid="216" ordinal="13" offset="101" sl="61" sc="21" el="61" ec="37" />
                <SequencePoint vc="0" uspid="217" ordinal="14" offset="114" sl="62" sc="25" el="62" ec="66" />
                <SequencePoint vc="0" uspid="218" ordinal="15" offset="127" sl="63" sc="17" el="63" ec="18" />
                <SequencePoint vc="0" uspid="219" ordinal="16" offset="128" sl="58" sc="38" el="58" ec="40" />
                <SequencePoint vc="0" uspid="220" ordinal="17" offset="159" sl="64" sc="13" el="64" ec="14" />
                <SequencePoint vc="0" uspid="221" ordinal="18" offset="160" sl="55" sc="31" el="55" ec="33" />
                <SequencePoint vc="0" uspid="222" ordinal="19" offset="191" sl="66" sc="13" el="66" ec="43" />
                <SequencePoint vc="0" uspid="223" ordinal="20" offset="202" sl="67" sc="13" el="67" ec="20" />
                <SequencePoint vc="0" uspid="224" ordinal="21" offset="203" sl="67" sc="38" el="67" ec="65" />
                <SequencePoint vc="0" uspid="225" ordinal="22" offset="218" sl="67" sc="22" el="67" ec="34" />
                <SequencePoint vc="0" uspid="226" ordinal="23" offset="227" sl="68" sc="13" el="68" ec="14" />
                <SequencePoint vc="0" uspid="227" ordinal="24" offset="228" sl="69" sc="17" el="69" ec="67" />
                <SequencePoint vc="0" uspid="228" ordinal="25" offset="243" sl="70" sc="17" el="70" ec="38" />
                <SequencePoint vc="0" uspid="229" ordinal="26" offset="257" sl="71" sc="13" el="71" ec="14" />
                <SequencePoint vc="0" uspid="230" ordinal="27" offset="258" sl="67" sc="35" el="67" ec="37" />
                <SequencePoint vc="0" uspid="231" ordinal="28" offset="289" sl="73" sc="13" el="73" ec="31" />
                <SequencePoint vc="0" uspid="232" ordinal="29" offset="299" sl="75" sc="9" el="75" ec="10" />
              </SequencePoints>
              <BranchPoints>
                <BranchPoint vc="0" uspid="233" ordinal="0" offset="112" path="0" />
                <BranchPoint vc="0" uspid="234" ordinal="1" offset="112" path="1" />
                <BranchPoint vc="0" uspid="235" ordinal="2" offset="139" path="0" />
                <BranchPoint vc="0" uspid="236" ordinal="3" offset="139" path="1" />
                <BranchPoint vc="0" uspid="237" ordinal="4" offset="171" path="0" />
                <BranchPoint vc="0" uspid="238" ordinal="5" offset="171" path="1" />
                <BranchPoint vc="0" uspid="239" ordinal="6" offset="269" path="0" />
                <BranchPoint vc="0" uspid="240" ordinal="7" offset="269" path="1" />
              </BranchPoints>
              <MethodPoint xsi:type="SequencePoint" vc="0" uspid="203" ordinal="0" offset="0" sl="50" sc="9" el="50" ec="10" />
            </Method>
            <Method visited="false" cyclomaticComplexity="4" sequenceCoverage="0" branchCoverage="0" isConstructor="false" isStatic="false" isGetter="false" isSetter="false">
              <Summary numSequencePoints="17" visitedSequencePoints="0" numBranchPoints="7" visitedBranchPoints="0" sequenceCoverage="0" branchCoverage="0" maxCyclomaticComplexity="4" minCyclomaticComplexity="4" />
              <MetadataToken>100663317</MetadataToken>
              <Name>System.Collections.Generic.List`1&lt;GNRS.ModuloPresupuesto.DL.DALC.SECCION&gt; GNRS.ModuloPresupuesto.BL.BC.PresupuestoPersonalProyectadoBC::filtrarSeccionesXAreaLocalidad(System.Int32,System.Int32)</Name>
              <FileRef uid="4" />
              <SequencePoints>
                <SequencePoint vc="0" uspid="241" ordinal="0" offset="0" sl="79" sc="9" el="79" ec="10" />
                <SequencePoint vc="0" uspid="242" ordinal="1" offset="1" sl="80" sc="13" el="80" ec="108" />
                <SequencePoint vc="0" uspid="243" ordinal="2" offset="19" sl="82" sc="13" el="82" ec="50" />
                <SequencePoint vc="0" uspid="244" ordinal="3" offset="30" sl="83" sc="13" el="83" ec="20" />
                <SequencePoint vc="0" uspid="245" ordinal="4" offset="31" sl="83" sc="34" el="83" ec="65" />
                <SequencePoint vc="0" uspid="246" ordinal="5" offset="45" sl="83" sc="22" el="83" ec="30" />
                <SequencePoint vc="0" uspid="247" ordinal="6" offset="53" sl="84" sc="13" el="84" ec="14" />
                <SequencePoint vc="0" uspid="248" ordinal="7" offset="54" sl="85" sc="17" el="85" ec="72" />
                <SequencePoint vc="0" uspid="249" ordinal="8" offset="67" sl="86" sc="17" el="86" ec="34" />
                <SequencePoint vc="0" uspid="250" ordinal="9" offset="77" sl="87" sc="17" el="87" ec="18" />
                <SequencePoint vc="0" uspid="251" ordinal="10" offset="78" sl="88" sc="21" el="88" ec="52" />
                <SequencePoint vc="0" uspid="252" ordinal="11" offset="96" sl="89" sc="25" el="89" ec="50" />
                <SequencePoint vc="0" uspid="253" ordinal="12" offset="109" sl="90" sc="17" el="90" ec="18" />
                <SequencePoint vc="0" uspid="254" ordinal="13" offset="110" sl="91" sc="13" el="91" ec="14" />
                <SequencePoint vc="0" uspid="255" ordinal="14" offset="111" sl="83" sc="31" el="83" ec="33" />
                <SequencePoint vc="0" uspid="256" ordinal="15" offset="142" sl="93" sc="13" el="93" ec="35" />
                <SequencePoint vc="0" uspid="257" ordinal="16" offset="151" sl="94" sc="9" el="94" ec="10" />
              </SequencePoints>
              <BranchPoints>
                <BranchPoint vc="0" uspid="258" ordinal="0" offset="75" path="0" />
                <BranchPoint vc="0" uspid="259" ordinal="1" offset="75" path="1" />
                <BranchPoint vc="0" uspid="260" ordinal="2" offset="94" path="0" />
                <BranchPoint vc="0" uspid="261" ordinal="3" offset="94" path="1" />
                <BranchPoint vc="0" uspid="262" ordinal="4" offset="122" path="0" />
                <BranchPoint vc="0" uspid="263" ordinal="5" offset="122" path="1" />
              </BranchPoints>
              <MethodPoint xsi:type="SequencePoint" vc="0" uspid="241" ordinal="0" offset="0" sl="79" sc="9" el="79" ec="10" />
            </Method>
            <Method visited="false" cyclomaticComplexity="1" sequenceCoverage="0" branchCoverage="0" isConstructor="false" isStatic="false" isGetter="false" isSetter="false">
              <Summary numSequencePoints="5" visitedSequencePoints="0" numBranchPoints="1" visitedBranchPoints="0" sequenceCoverage="0" branchCoverage="0" maxCyclomaticComplexity="1" minCyclomaticComplexity="1" />
              <MetadataToken>100663318</MetadataToken>
              <Name>System.Collections.Generic.List`1&lt;GNRS.ModuloPresupuesto.DL.DALC.CARGO_PERSONAL&gt; GNRS.ModuloPresupuesto.BL.BC.PresupuestoPersonalProyectadoBC::filtrarCargosXSeccion(System.Int32)</Name>
              <FileRef uid="4" />
              <SequencePoints>
                <SequencePoint vc="0" uspid="264" ordinal="0" offset="0" sl="98" sc="9" el="98" ec="10" />
                <SequencePoint vc="0" uspid="265" ordinal="1" offset="1" sl="100" sc="13" el="100" ec="54" />
                <SequencePoint vc="0" uspid="266" ordinal="2" offset="12" sl="102" sc="13" el="102" ec="72" />
                <SequencePoint vc="0" uspid="267" ordinal="3" offset="30" sl="105" sc="13" el="105" ec="32" />
                <SequencePoint vc="0" uspid="268" ordinal="4" offset="39" sl="106" sc="9" el="106" ec="10" />
              </SequencePoints>
              <BranchPoints />
              <MethodPoint xsi:type="SequencePoint" vc="0" uspid="264" ordinal="0" offset="0" sl="98" sc="9" el="98" ec="10" />
            </Method>
            <Method visited="false" cyclomaticComplexity="1" sequenceCoverage="0" branchCoverage="0" isConstructor="false" isStatic="false" isGetter="false" isSetter="false">
              <Summary numSequencePoints="6" visitedSequencePoints="0" numBranchPoints="1" visitedBranchPoints="0" sequenceCoverage="0" branchCoverage="0" maxCyclomaticComplexity="1" minCyclomaticComplexity="1" />
              <MetadataToken>100663319</MetadataToken>
              <Name>System.Collections.Generic.List`1&lt;GNRS.ModuloPresupuesto.DL.DALC.CONCEPTO_REMUNERACION&gt; GNRS.ModuloPresupuesto.BL.BC.PresupuestoPersonalProyectadoBC::filtrarConceptosXTipo(System.Int32)</Name>
              <FileRef uid="4" />
              <SequencePoints>
                <SequencePoint vc="0" uspid="269" ordinal="0" offset="0" sl="109" sc="9" el="109" ec="10" />
                <SequencePoint vc="0" uspid="270" ordinal="1" offset="1" sl="110" sc="13" el="110" ec="71" />
                <SequencePoint vc="0" uspid="271" ordinal="2" offset="12" sl="112" sc="13" el="112" ec="63" />
                <SequencePoint vc="0" uspid="272" ordinal="3" offset="23" sl="113" sc="13" el="113" ec="91" />
                <SequencePoint vc="0" uspid="273" ordinal="4" offset="41" sl="115" sc="13" el="115" ec="34" />
                <SequencePoint vc="0" uspid="274" ordinal="5" offset="50" sl="116" sc="9" el="116" ec="10" />
              </SequencePoints>
              <BranchPoints />
              <MethodPoint xsi:type="SequencePoint" vc="0" uspid="269" ordinal="0" offset="0" sl="109" sc="9" el="109" ec="10" />
            </Method>
            <Method visited="false" cyclomaticComplexity="2" sequenceCoverage="0" branchCoverage="0" isConstructor="false" isStatic="false" isGetter="false" isSetter="false">
              <Summary numSequencePoints="15" visitedSequencePoints="0" numBranchPoints="3" visitedBranchPoints="0" sequenceCoverage="0" branchCoverage="0" maxCyclomaticComplexity="2" minCyclomaticComplexity="2" />
              <MetadataToken>100663320</MetadataToken>
              <Name>System.Int32 GNRS.ModuloPresupuesto.BL.BC.PresupuestoPersonalProyectadoBC::registrarPersonalProyectar(System.Int32,System.Int32,System.Int32,System.Int32,System.String)</Name>
              <FileRef uid="4" />
              <SequencePoints>
                <SequencePoint vc="0" uspid="275" ordinal="0" offset="0" sl="119" sc="9" el="119" ec="10" />
                <SequencePoint vc="0" uspid="276" ordinal="1" offset="1" sl="120" sc="13" el="120" ec="45" />
                <SequencePoint vc="0" uspid="277" ordinal="2" offset="7" sl="121" sc="13" el="121" ec="52" />
                <SequencePoint vc="0" uspid="278" ordinal="3" offset="15" sl="122" sc="13" el="122" ec="48" />
                <SequencePoint vc="0" uspid="279" ordinal="4" offset="23" sl="123" sc="13" el="123" ec="44" />
                <SequencePoint vc="0" uspid="280" ordinal="5" offset="32" sl="124" sc="13" el="124" ec="46" />
                <SequencePoint vc="0" uspid="281" ordinal="6" offset="41" sl="126" sc="13" el="126" ec="45" />
[...]
              <FileRef uid="54" />
              <SequencePoints>
                <SequencePoint vc="0" uspid="1866" ordinal="0" offset="0" sl="45" sc="17" el="45" ec="18" />
                <SequencePoint vc="0" uspid="1867" ordinal="1" offset="1" sl="45" sc="19" el="45" ec="43" />
                <SequencePoint vc="0" uspid="1868" ordinal="2" offset="8" sl="45" sc="44" el="45" ec="45" />
              </SequencePoints>
              <BranchPoints />
              <MethodPoint xsi:type="SequencePoint" vc="0" uspid="1866" ordinal="0" offset="0" sl="45" sc="17" el="45" ec="18" />
            </Method>
            <Method visited="false" cyclomaticComplexity="1" sequenceCoverage="0" branchCoverage="0" isConstructor="false" isStatic="false" isGetter="true" isSetter="false">
              <Summary numSequencePoints="3" visitedSequencePoints="0" numBranchPoints="1" visitedBranchPoints="0" sequenceCoverage="0" branchCoverage="0" maxCyclomaticComplexity="1" minCyclomaticComplexity="1" />
              <MetadataToken>100663315</MetadataToken>
              <Name>System.Single GNRS.ModuloPresupuesto.BL.BE.ConceptoTemporalBE::get_Monto()</Name>
              <FileRef uid="54" />
              <SequencePoints>
                <SequencePoint vc="0" uspid="1869" ordinal="0" offset="0" sl="50" sc="17" el="50" ec="18" />
                <SequencePoint vc="0" uspid="1870" ordinal="1" offset="1" sl="50" sc="19" el="50" ec="33" />
                <SequencePoint vc="0" uspid="1871" ordinal="2" offset="10" sl="50" sc="34" el="50" ec="35" />
              </SequencePoints>
              <BranchPoints />
              <MethodPoint xsi:type="SequencePoint" vc="0" uspid="1869" ordinal="0" offset="0" sl="50" sc="17" el="50" ec="18" />
            </Method>
            <Method visited="false" cyclomaticComplexity="1" sequenceCoverage="0" branchCoverage="0" isConstructor="false" isStatic="false" isGetter="false" isSetter="true">
              <Summary numSequencePoints="3" visitedSequencePoints="0" numBranchPoints="1" visitedBranchPoints="0" sequenceCoverage="0" branchCoverage="0" maxCyclomaticComplexity="1" minCyclomaticComplexity="1" />
              <MetadataToken>100663316</MetadataToken>
              <Name>System.Void GNRS.ModuloPresupuesto.BL.BE.ConceptoTemporalBE::set_Monto(System.Single)</Name>
              <FileRef uid="54" />
              <SequencePoints>
                <SequencePoint vc="0" uspid="1872" ordinal="0" offset="0" sl="51" sc="17" el="51" ec="18" />
                <SequencePoint vc="0" uspid="1873" ordinal="1" offset="1" sl="51" sc="19" el="51" ec="34" />
                <SequencePoint vc="0" uspid="1874" ordinal="2" offset="8" sl="51" sc="35" el="51" ec="36" />
              </SequencePoints>
              <BranchPoints />
              <MethodPoint xsi:type="SequencePoint" vc="0" uspid="1872" ordinal="0" offset="0" sl="51" sc="17" el="51" ec="18" />
            </Method>
            <Method visited="false" cyclomaticComplexity="1" sequenceCoverage="0" branchCoverage="0" isConstructor="true" isStatic="false" isGetter="false" isSetter="false">
              <Summary numSequencePoints="0" visitedSequencePoints="0" numBranchPoints="0" visitedBranchPoints="0" sequenceCoverage="0" branchCoverage="0" maxCyclomaticComplexity="1" minCyclomaticComplexity="1" />
              <MetadataToken>100663317</MetadataToken>
              <Name>System.Void GNRS.ModuloPresupuesto.BL.BE.ConceptoTemporalBE::.ctor()</Name>
              <SequencePoints />
              <BranchPoints />
              <MethodPoint vc="0" uspid="1875" ordinal="0" offset="0" />
            </Method>
          </Methods>
        </Class>
      </Classes>
    </Module>
    <Module skippedDueTo="Filter" hash="71-BF-00-07-68-F0-67-0D-7B-DB-71-9B-DC-C8-1B-72-6F-60-C2-5A">
      <FullName>C:\Windows\Microsoft.Net\assembly\GAC_MSIL\System.Core\v4.0_4.0.0.0__b77a5c561934e089\System.Core.dll</FullName>
      <ModuleName>System.Core</ModuleName>
      <Classes />
    </Module>
    <Module skippedDueTo="Filter" hash="E7-ED-82-EF-FE-7B-1A-DC-2A-06-1E-5C-55-FF-00-48-1F-48-81-D5">
      <FullName>C:\Windows\Microsoft.Net\assembly\GAC_MSIL\System.Runtime.Serialization\v4.0_4.0.0.0__b77a5c561934e089\System.Runtime.Serialization.dll</FullName>
      <ModuleName>System.Runtime.Serialization</ModuleName>
      <Classes />
    </Module>
    <Module skippedDueTo="Filter" hash="1F-14-6C-92-91-EA-87-77-F2-51-33-42-61-B8-05-25-BA-D7-8B-97">
      <FullName>C:\Windows\Microsoft.Net\assembly\GAC_MSIL\System.Xml\v4.0_4.0.0.0__b77a5c561934e089\System.Xml.dll</FullName>
      <ModuleName>System.Xml</ModuleName>
      <Classes />
    </Module>
    <Module skippedDueTo="Filter" hash="1B-30-81-91-69-2E-50-BD-B9-CC-A1-5B-46-3A-D5-62-E3-7E-58-C4">
      <FullName>C:\Windows\Microsoft.Net\assembly\GAC_MSIL\System\v4.0_4.0.0.0__b77a5c561934e089\System.dll</FullName>
      <ModuleName>System</ModuleName>
      <Classes />
    </Module>
    <Module skippedDueTo="MissingPdb" hash="41-68-12-82-AB-CD-2F-08-21-4A-D1-A5-7F-CB-D9-0F-1D-09-2B-AC">
      <FullName>C:\Windows\assembly\GAC_MSIL\Microsoft.VisualStudio.QualityTools.AgentProcessManager\10.0.0.0__b03f5f7f11d50a3a\Microsoft.VisualStudio.QualityTools.AgentProcessManager.dll</FullName>
      <ModuleName>Microsoft.VisualStudio.QualityTools.AgentProcessManager</ModuleName>
      <Classes />
    </Module>
    <Module skippedDueTo="MissingPdb" hash="59-72-90-7B-C0-F1-AD-A2-44-37-0C-DF-04-49-77-F3-12-06-EE-64">
      <FullName>C:\Windows\assembly\GAC_MSIL\Microsoft.VisualStudio.QualityTools.DataCollectionAgentObject\10.0.0.0__b03f5f7f11d50a3a\Microsoft.VisualStudio.QualityTools.DataCollectionAgentObject.dll</FullName>
      <ModuleName>Microsoft.VisualStudio.QualityTools.DataCollectionAgentObject</ModuleName>
      <Classes />
    </Module>
    <Module skippedDueTo="MissingPdb" hash="7F-A5-AE-CF-ED-6F-7D-0D-8F-C6-45-30-15-FC-87-10-34-FB-4A-FA">
      <FullName>C:\Windows\assembly\GAC_MSIL\Microsoft.VisualStudio.QualityTools.Common\10.0.0.0__b03f5f7f11d50a3a\Microsoft.VisualStudio.QualityTools.Common.dll</FullName>
      <ModuleName>Microsoft.VisualStudio.QualityTools.Common</ModuleName>
      <Classes />
    </Module>
    <Module skippedDueTo="MissingPdb" hash="A5-90-5C-39-94-8B-E5-95-8A-19-B9-3A-6A-A0-18-C5-2A-66-55-FA">
      <FullName>C:\Windows\assembly\GAC_MSIL\Microsoft.VisualStudio.QualityTools.ExecutionCommon\10.0.0.0__b03f5f7f11d50a3a\Microsoft.VisualStudio.QualityTools.ExecutionCommon.dll</FullName>
      <ModuleName>Microsoft.VisualStudio.QualityTools.ExecutionCommon</ModuleName>
      <Classes />
    </Module>
    <Module skippedDueTo="MissingPdb" hash="4F-4E-75-87-5B-1F-42-B3-55-FF-68-D1-08-82-83-15-43-6F-29-89">
      <FullName>C:\Windows\assembly\GAC_MSIL\Microsoft.VisualStudio.QualityTools.AgentObject\10.0.0.0__b03f5f7f11d50a3a\Microsoft.VisualStudio.QualityTools.AgentObject.dll</FullName>
      <ModuleName>Microsoft.VisualStudio.QualityTools.AgentObject</ModuleName>
      <Classes />
    </Module>
    <Module skippedDueTo="MissingPdb" hash="6B-48-6C-A4-BB-79-D8-73-17-CD-3D-78-06-E2-2C-48-93-9D-15-D9">
      <FullName>C:\Program Files\Microsoft Visual Studio 10.0\Common7\IDE\PrivateAssemblies\DataCollectors\Microsoft.VisualStudio.DefaultDataQueries.dll</FullName>
      <ModuleName>Microsoft.VisualStudio.DefaultDataQueries</ModuleName>
      <Classes />
    </Module>
    <Module skippedDueTo="MissingPdb" hash="FE-31-CC-65-F5-A8-3C-8A-A7-C4-19-9C-5B-E9-B3-AE-F1-C9-41-40">
      <FullName>C:\Windows\assembly\GAC_MSIL\Microsoft.VisualStudio.IntelliTrace\10.0.0.0__b03f5f7f11d50a3a\Microsoft.VisualStudio.IntelliTrace.dll</FullName>
      <ModuleName>Microsoft.VisualStudio.IntelliTrace</ModuleName>
      <Classes />
    </Module>
    <Module skippedDueTo="MissingPdb" hash="28-72-F4-F8-E9-BC-83-85-11-91-46-6E-3C-DD-35-B1-B8-AD-A9-01">
      <FullName>C:\Program Files\Microsoft Visual Studio 10.0\Common7\IDE\PrivateAssemblies\DataCollectors\Microsoft.VisualStudio.Enterprise.AspNetHelper.dll</FullName>
      <ModuleName>Microsoft.VisualStudio.Enterprise.AspNetHelper</ModuleName>
      <Classes />
    </Module>
    <Module skippedDueTo="MissingPdb" hash="0C-94-5A-27-F7-8F-D9-88-2F-9F-49-7E-09-B1-97-3C-85-4C-32-86">
      <FullName>C:\Windows\assembly\GAC\VsWebSite.Interop\8.0.0.0__b03f5f7f11d50a3a\VsWebSite.Interop.dll</FullName>
      <ModuleName>VsWebSite.Interop</ModuleName>
      <Classes />
    </Module>
    <Module skippedDueTo="Filter" hash="0B-FC-EA-1C-79-C8-FC-D8-AF-9E-12-F3-12-93-4C-9D-C9-27-8E-E3">
      <FullName>C:\Windows\Microsoft.Net\assembly\GAC_MSIL\System.ServiceProcess\v4.0_4.0.0.0__b03f5f7f11d50a3a\System.ServiceProcess.dll</FullName>
      <ModuleName>System.ServiceProcess</ModuleName>
      <Classes />
    </Module>
    <Module skippedDueTo="MissingPdb" hash="EA-09-8C-6D-DC-62-00-5B-81-F6-69-D9-C0-C0-43-BA-C5-A5-51-35">
      <FullName>C:\Windows\assembly\GAC_MSIL\Microsoft.Web.Administration\7.0.0.0__31bf3856ad364e35\Microsoft.Web.Administration.dll</FullName>
      <ModuleName>Microsoft.Web.Administration</ModuleName>
      <Classes />
    </Module>
    <Module skippedDueTo="MissingPdb" hash="83-F7-48-5A-2E-10-EA-44-4C-E3-5F-3E-2D-93-A2-35-D9-7D-76-3D">
      <FullName>C:\Program Files\Microsoft Visual Studio 10.0\Common7\IDE\PrivateAssemblies\DataCollectors\Microsoft.VisualStudio.PerformanceTools.DataCollection.dll</FullName>
      <ModuleName>Microsoft.VisualStudio.PerformanceTools.DataCollection</ModuleName>
      <Classes />
    </Module>
    <Module skippedDueTo="MissingPdb" hash="1D-0B-A5-FA-5F-CA-17-86-22-D9-E4-DE-E5-10-21-8E-61-A8-70-7D">
      <FullName>C:\Windows\Microsoft.Net\assembly\GAC_MSIL\Microsoft.VisualStudio.QualityTools.Tips.UnitTest.Adapter\v4.0_10.0.0.0__b03f5f7f11d50a3a\Microsoft.VisualStudio.QualityTools.Tips.UnitTest.Adapter.dll</FullName>
      <ModuleName>Microsoft.VisualStudio.QualityTools.Tips.UnitTest.Adapter</ModuleName>
      <Classes />
    </Module>
    <Module skippedDueTo="MissingPdb" hash="03-7C-16-03-B5-BA-F3-0D-BD-3D-DC-F9-68-B8-98-F2-F8-05-F9-5A">
      <FullName>C:\Program Files\Microsoft Visual Studio 10.0\Common7\IDE\PrivateAssemblies\DataCollectors\Microsoft.VisualStudio.PerformanceTools.DataCollection.Editor.dll</FullName>
      <ModuleName>Microsoft.VisualStudio.PerformanceTools.DataCollection.Editor</ModuleName>
      <Classes />
    </Module>
    <Module skippedDueTo="Filter" hash="C2-5F-6B-60-52-27-D0-CD-41-85-F1-36-87-0C-AD-D7-F6-98-5A-37">
      <FullName>C:\Windows\Microsoft.Net\assembly\GAC_MSIL\System.Windows.Forms\v4.0_4.0.0.0__b77a5c561934e089\System.Windows.Forms.dll</FullName>
      <ModuleName>System.Windows.Forms</ModuleName>
      <Classes />
    </Module>
    <Module skippedDueTo="Filter" hash="AD-A3-94-49-D2-DA-B1-9C-E6-44-CF-10-03-3A-C3-C3-C9-B0-95-98">
      <FullName>C:\Windows\Microsoft.Net\assembly\GAC_MSIL\System.Drawing\v4.0_4.0.0.0__b03f5f7f11d50a3a\System.Drawing.dll</FullName>
      <ModuleName>System.Drawing</ModuleName>
      <Classes />
    </Module>
    <Module skippedDueTo="MissingPdb" hash="01-2A-04-27-80-BB-62-2D-AE-6F-88-3C-7E-25-20-FC-89-A7-C6-6A">
      <FullName>C:\Program Files\Microsoft Visual Studio 10.0\Common7\IDE\PrivateAssemblies\DataCollectors\Microsoft.VisualStudio.QualityTools.Plugins.CodeCoverage.dll</FullName>
      <ModuleName>Microsoft.VisualStudio.QualityTools.Plugins.CodeCoverage</ModuleName>
      <Classes />
    </Module>
    <Module skippedDueTo="Filter" hash="85-BD-41-91-04-16-9A-8F-04-D7-AC-8D-4D-E7-0F-88-A0-DB-28-11">
      <FullName>C:\Windows\Microsoft.Net\assembly\GAC_MSIL\System.Data.Entity\v4.0_4.0.0.0__b77a5c561934e089\System.Data.Entity.dll</FullName>
      <ModuleName>System.Data.Entity</ModuleName>
      <Classes />
    </Module>
    <Module skippedDueTo="Filter" hash="9E-B5-7E-2B-F1-0E-6E-13-B2-1F-05-87-42-49-4B-57-0B-D1-61-01">
      <FullName>C:\Windows\Microsoft.Net\assembly\GAC_32\System.Transactions\v4.0_4.0.0.0__b77a5c561934e089\System.Transactions.dll</FullName>
      <ModuleName>System.Transactions</ModuleName>
      <Classes />
    </Module>
    <Module skippedDueTo="MissingPdb" hash="3A-FA-22-9D-83-A4-34-4C-D1-62-A5-BA-48-2E-33-29-82-05-0A-5D">
      <FullName>C:\Program Files\Microsoft Visual Studio 10.0\Common7\IDE\PrivateAssemblies\DataCollectors\Microsoft.VisualStudio.TestTools.DataCollection.CodeCoverage.Editor.dll</FullName>
      <ModuleName>Microsoft.VisualStudio.TestTools.DataCollection.CodeCoverage.Editor</ModuleName>
      <Classes />
    </Module>
    <Module skippedDueTo="MissingPdb" hash="EC-4A-50-8C-46-2C-BF-00-99-D4-CA-4E-CE-9B-3B-C3-EC-E7-44-E1">
      <FullName>C:\Program Files\Microsoft Visual Studio 10.0\Common7\IDE\PrivateAssemblies\Microsoft.VisualStudio.TestTools.TestSettings.Common.dll</FullName>
      <ModuleName>Microsoft.VisualStudio.TestTools.TestSettings.Common</ModuleName>
      <Classes />
    </Module>
    <Module skippedDueTo="MissingPdb" hash="E1-01-FA-5E-A5-DC-C2-D0-D1-07-5E-31-57-79-E2-89-8D-EF-73-52">
      <FullName>C:\Program Files\Microsoft Visual Studio 10.0\Common7\IDE\PrivateAssemblies\DataCollectors\Microsoft.VisualStudio.TestTools.DataCollection.EventLog.dll</FullName>
      <ModuleName>Microsoft.VisualStudio.TestTools.DataCollection.EventLog</ModuleName>
      <Classes />
    </Module>
    <Module skippedDueTo="MissingPdb" hash="4F-08-C2-02-88-10-71-FB-23-C1-6A-29-D7-AA-18-32-04-9B-46-56">
      <FullName>C:\Program Files\Microsoft Visual Studio 10.0\Common7\IDE\PrivateAssemblies\DataCollectors\Microsoft.VisualStudio.TestTools.DataCollection.GenericCollector.Editor.dll</FullName>
      <ModuleName>Microsoft.VisualStudio.TestTools.DataCollection.GenericCollector.Editor</ModuleName>
      <Classes />
    </Module>
    <Module skippedDueTo="Filter" hash="C1-1E-D4-05-1E-83-90-16-97-D7-70-10-B8-11-3D-7E-2B-0D-A6-21">
      <FullName>C:\Windows\Microsoft.Net\assembly\GAC_MSIL\System.Data.Entity.resources\v4.0_4.0.0.0_es_b77a5c561934e089\System.Data.Entity.resources.dll</FullName>
      <ModuleName>System.Data.Entity.resources</ModuleName>
      <Classes />
    </Module>
    <Module skippedDueTo="MissingPdb" hash="F8-11-85-DC-4C-CE-06-62-AC-9E-72-3A-FC-D6-1E-C0-62-74-DB-51">
      <FullName>C:\Program Files\Microsoft Visual Studio 10.0\Common7\IDE\PrivateAssemblies\DataCollectors\Microsoft.VisualStudio.TestTools.DataCollection.NetworkEmulation.dll</FullName>
      <ModuleName>Microsoft.VisualStudio.TestTools.DataCollection.NetworkEmulation</ModuleName>
      <Classes />
    </Module>
    <Module skippedDueTo="Filter" hash="DA-40-80-06-3F-E2-37-30-4A-9E-99-67-C4-2F-7B-81-E5-BA-98-CF">
      <FullName>C:\Windows\Microsoft.Net\assembly\GAC_MSIL\mscorlib.resources\v4.0_4.0.0.0_es_b77a5c561934e089\mscorlib.resources.dll</FullName>
      <ModuleName>mscorlib.resources</ModuleName>
      <Classes />
    </Module>
    <Module skippedDueTo="MissingPdb" hash="DF-5D-9C-EE-47-3A-69-B4-0D-9D-D7-43-99-BF-3A-0A-97-35-46-45">
      <FullName>C:\Program Files\Microsoft Visual Studio 10.0\Common7\IDE\PrivateAssemblies\DataCollectors\Microsoft.VisualStudio.TestTools.DataCollection.NetworkEmulation.Editor.dll</FullName>
      <ModuleName>Microsoft.VisualStudio.TestTools.DataCollection.NetworkEmulation.Editor</ModuleName>
      <Classes />
    </Module>
    <Module skippedDueTo="MissingPdb" hash="1B-48-E2-FC-D0-B4-1E-9D-FF-31-37-AA-CA-BA-A9-BD-55-E2-45-2B">
      <FullName>C:\Program Files\Microsoft Visual Studio 10.0\Common7\IDE\PrivateAssemblies\DataCollectors\Microsoft.VisualStudio.TestTools.DataCollection.SystemInfo.dll</FullName>
      <ModuleName>Microsoft.VisualStudio.TestTools.DataCollection.SystemInfo</ModuleName>
      <Classes />
    </Module>
    <Module skippedDueTo="MissingPdb" hash="9A-BC-15-A1-E3-8F-86-27-D6-28-7F-CF-72-96-0C-C6-C0-1E-6F-1D">
      <FullName>C:\Program Files\Microsoft Visual Studio 10.0\Common7\IDE\PrivateAssemblies\DataCollectors\Microsoft.VisualStudio.TestTools.DataCollection.VideoRecorder.dll</FullName>
      <ModuleName>Microsoft.VisualStudio.TestTools.DataCollection.VideoRecorder</ModuleName>
      <Classes />
    </Module>
    <Module skippedDueTo="MissingPdb" hash="7B-45-43-32-E8-CA-F9-8D-CE-EB-64-75-EF-17-7A-4B-AA-6F-4C-20">
      <FullName>C:\Windows\Microsoft.Net\assembly\GAC_MSIL\PresentationFramework\v4.0_4.0.0.0__31bf3856ad364e35\PresentationFramework.dll</FullName>
      <ModuleName>PresentationFramework</ModuleName>
      <Classes />
    </Module>
    <Module skippedDueTo="MissingPdb" hash="8B-AA-2E-4D-BE-83-60-AF-0C-54-57-C4-0D-3D-9F-9D-C4-86-62-FB">
      <FullName>C:\Windows\Microsoft.Net\assembly\GAC_32\PresentationCore\v4.0_4.0.0.0__31bf3856ad364e35\PresentationCore.dll</FullName>
      <ModuleName>PresentationCore</ModuleName>
      <Classes />
    </Module>
    <Module skippedDueTo="MissingPdb" hash="86-23-17-34-1A-02-30-B3-19-54-FC-1E-6A-A4-85-DB-74-CD-68-D4">
      <FullName>C:\Windows\Microsoft.Net\assembly\GAC_MSIL\WindowsBase\v4.0_4.0.0.0__31bf3856ad364e35\WindowsBase.dll</FullName>
      <ModuleName>WindowsBase</ModuleName>
      <Classes />
    </Module>
    <Module skippedDueTo="Filter" hash="43-47-28-21-99-BA-A9-B0-6C-BB-AB-3C-03-52-52-83-8D-13-8C-38">
      <FullName>C:\Windows\Microsoft.Net\assembly\GAC_MSIL\System.Xaml\v4.0_4.0.0.0__b77a5c561934e089\System.Xaml.dll</FullName>
      <ModuleName>System.Xaml</ModuleName>
      <Classes />
    </Module>
    <Module skippedDueTo="MissingPdb" hash="F9-AF-22-67-28-6E-D6-BA-13-F9-21-FF-C2-49-BF-E1-D4-F2-78-93">
      <FullName>C:\Program Files\Microsoft Visual Studio 10.0\Common7\IDE\PrivateAssemblies\DataCollectors\Microsoft.VisualStudio.TestTools.ManualTest.ActionLog.dll</FullName>
      <ModuleName>Microsoft.VisualStudio.TestTools.ManualTest.ActionLog</ModuleName>
      <Classes />
    </Module>
    <Module skippedDueTo="MissingPdb" hash="1D-38-3B-89-BE-7A-03-C8-4C-DF-91-56-72-58-21-6F-28-78-9E-82">
      <FullName>C:\Program Files\Microsoft Visual Studio 10.0\Common7\IDE\PrivateAssemblies\DataCollectors\Microsoft.VisualStudio.TraceCollector.dll</FullName>
      <ModuleName>Microsoft.VisualStudio.TraceCollector</ModuleName>
      <Classes />
    </Module>
    <Module skippedDueTo="MissingPdb" hash="AB-8F-1B-38-42-66-98-93-8A-5D-35-B7-82-DA-8B-3D-2E-22-71-10">
      <FullName>C:\Program Files\Microsoft Visual Studio 10.0\Common7\IDE\PrivateAssemblies\DataCollectors\Microsoft.VisualStudio.TraceConfigUI.dll</FullName>
      <ModuleName>Microsoft.VisualStudio.TraceConfigUI</ModuleName>
      <Classes />
    </Module>
    <Module skippedDueTo="MissingPdb" hash="BD-64-50-8E-AE-A9-55-76-95-18-42-54-27-FB-0B-F0-8A-DC-59-D1">
      <FullName>C:\Program Files\Microsoft Visual Studio 10.0\Common7\IDE\PrivateAssemblies\DataCollectors\Microsoft.VisualStudio.VIL.NotifyPointInProcHost.dll</FullName>
      <ModuleName>Microsoft.VisualStudio.VIL.NotifyPointInProcHost</ModuleName>
      <Classes />
    </Module>
    <Module skippedDueTo="MissingPdb" hash="48-2A-9D-A9-D8-02-D7-12-35-52-5F-C1-0F-BF-C4-07-08-97-99-D4">
      <FullName>C:\Windows\assembly\GAC_MSIL\Microsoft.VisualStudio.VIL\10.0.0.0__b03f5f7f11d50a3a\Microsoft.VisualStudio.VIL.dll</FullName>
      <ModuleName>Microsoft.VisualStudio.VIL</ModuleName>
      <Classes />
    </Module>
    <Module skippedDueTo="MissingPdb" hash="17-79-5A-31-85-85-F9-F7-55-70-9B-0A-97-F5-1E-DE-8F-F8-5E-BB">
      <FullName>C:\Program Files\Microsoft Visual Studio 10.0\Common7\IDE\PrivateAssemblies\DataCollectors\VSPerfControl.Interop.dll</FullName>
      <ModuleName>VSPerfControl.Interop</ModuleName>
      <Classes />
    </Module>
    <Module skippedDueTo="MissingPdb" hash="B1-3E-9C-DC-90-1D-4C-80-04-C2-67-BF-52-22-DD-90-5C-F3-62-EA">
      <FullName>C:\Program Files\Microsoft Visual Studio 10.0\Common7\IDE\PrivateAssemblies\DataCollectors\IntelliTrace.exe</FullName>
      <ModuleName>IntelliTrace</ModuleName>
      <Classes />
    </Module>
  </Modules>
</CoverageSession>